
Unsupported version: 2.2.4


For more information, read the documentation:
http://freelancing-god.github.com/ts/en/advanced_config.html

/Users/zemagno/.rvm/gems/ruby-1.9.3-p392/gems/activesupport-3.2.16/lib/active_support/core_ext/object/blank.rb:105:in `!~': Interrupt
	from /Users/zemagno/.rvm/gems/ruby-1.9.3-p392/gems/activesupport-3.2.16/lib/active_support/core_ext/object/blank.rb:105:in `blank?'
	from /Users/zemagno/.rvm/gems/ruby-1.9.3-p392/gems/activesupport-3.2.16/lib/active_support/core_ext/object/blank.rb:21:in `present?'
	from /Users/zemagno/.rvm/gems/ruby-1.9.3-p392/gems/activesupport-3.2.16/lib/active_support/core_ext/object/blank.rb:39:in `presence'
	from /Users/zemagno/.rvm/gems/ruby-1.9.3-p392/gems/actionpack-3.2.16/lib/action_dispatch/routing/mapper.rb:1495:in `name_for_action'
	from /Users/zemagno/.rvm/gems/ruby-1.9.3-p392/gems/actionpack-3.2.16/lib/action_dispatch/routing/mapper.rb:1312:in `add_route'
	from /Users/zemagno/.rvm/gems/ruby-1.9.3-p392/gems/actionpack-3.2.16/lib/action_dispatch/routing/mapper.rb:1294:in `decomposed_match'
	from /Users/zemagno/.rvm/gems/ruby-1.9.3-p392/gems/actionpack-3.2.16/lib/action_dispatch/routing/mapper.rb:1276:in `block in match'
	from /Users/zemagno/.rvm/gems/ruby-1.9.3-p392/gems/actionpack-3.2.16/lib/action_dispatch/routing/mapper.rb:1276:in `each'
	from /Users/zemagno/.rvm/gems/ruby-1.9.3-p392/gems/actionpack-3.2.16/lib/action_dispatch/routing/mapper.rb:1276:in `match'
	from /Users/zemagno/.rvm/gems/ruby-1.9.3-p392/gems/actionpack-3.2.16/lib/action_dispatch/routing/mapper.rb:500:in `map_method'
	from /Users/zemagno/.rvm/gems/ruby-1.9.3-p392/gems/actionpack-3.2.16/lib/action_dispatch/routing/mapper.rb:462:in `get'
	from /Users/zemagno/.rvm/gems/ruby-1.9.3-p392/gems/actionpack-3.2.16/lib/action_dispatch/routing/mapper.rb:1130:in `block (2 levels) in resources'
	from /Users/zemagno/.rvm/gems/ruby-1.9.3-p392/gems/actionpack-3.2.16/lib/action_dispatch/routing/mapper.rb:1168:in `block (2 levels) in collection'
	from /Users/zemagno/.rvm/gems/ruby-1.9.3-p392/gems/actionpack-3.2.16/lib/action_dispatch/routing/mapper.rb:617:in `scope'
	from /Users/zemagno/.rvm/gems/ruby-1.9.3-p392/gems/actionpack-3.2.16/lib/action_dispatch/routing/mapper.rb:1167:in `block in collection'
	from /Users/zemagno/.rvm/gems/ruby-1.9.3-p392/gems/actionpack-3.2.16/lib/action_dispatch/routing/mapper.rb:1404:in `with_scope_level'
	from /Users/zemagno/.rvm/gems/ruby-1.9.3-p392/gems/actionpack-3.2.16/lib/action_dispatch/routing/mapper.rb:1166:in `collection'
	from /Users/zemagno/.rvm/gems/ruby-1.9.3-p392/gems/actionpack-3.2.16/lib/action_dispatch/routing/mapper.rb:1129:in `block in resources'
	from /Users/zemagno/.rvm/gems/ruby-1.9.3-p392/gems/actionpack-3.2.16/lib/action_dispatch/routing/mapper.rb:1413:in `block (2 levels) in resource_scope'
	from /Users/zemagno/.rvm/gems/ruby-1.9.3-p392/gems/actionpack-3.2.16/lib/action_dispatch/routing/mapper.rb:617:in `scope'
	from /Users/zemagno/.rvm/gems/ruby-1.9.3-p392/gems/actionpack-3.2.16/lib/action_dispatch/routing/mapper.rb:1412:in `block in resource_scope'
	from /Users/zemagno/.rvm/gems/ruby-1.9.3-p392/gems/actionpack-3.2.16/lib/action_dispatch/routing/mapper.rb:1404:in `with_scope_level'
	from /Users/zemagno/.rvm/gems/ruby-1.9.3-p392/gems/actionpack-3.2.16/lib/action_dispatch/routing/mapper.rb:1411:in `resource_scope'
	from /Users/zemagno/.rvm/gems/ruby-1.9.3-p392/gems/actionpack-3.2.16/lib/action_dispatch/routing/mapper.rb:1126:in `resources'
	from /Users/zemagno/.rvm/gems/ruby-1.9.3-p392/gems/activeadmin-0.6.6/lib/active_admin/router.rb:83:in `block in resource_routes'
	from /Users/zemagno/.rvm/gems/ruby-1.9.3-p392/gems/activeadmin-0.6.6/lib/active_admin/router.rb:61:in `instance_exec'
	from /Users/zemagno/.rvm/gems/ruby-1.9.3-p392/gems/activeadmin-0.6.6/lib/active_admin/router.rb:61:in `block (4 levels) in define_resource_routes'
	from /Users/zemagno/.rvm/gems/ruby-1.9.3-p392/gems/actionpack-3.2.16/lib/action_dispatch/routing/mapper.rb:683:in `block in namespace'
	from /Users/zemagno/.rvm/gems/ruby-1.9.3-p392/gems/actionpack-3.2.16/lib/action_dispatch/routing/mapper.rb:617:in `scope'
	from /Users/zemagno/.rvm/gems/ruby-1.9.3-p392/gems/actionpack-3.2.16/lib/action_dispatch/routing/mapper.rb:683:in `namespace'
	from /Users/zemagno/.rvm/gems/ruby-1.9.3-p392/gems/actionpack-3.2.16/lib/action_dispatch/routing/mapper.rb:1235:in `namespace'
	from /Users/zemagno/.rvm/gems/ruby-1.9.3-p392/gems/activeadmin-0.6.6/lib/active_admin/router.rb:60:in `block (3 levels) in define_resource_routes'
	from /Users/zemagno/.rvm/gems/ruby-1.9.3-p392/gems/activeadmin-0.6.6/lib/active_admin/router.rb:66:in `instance_exec'
	from /Users/zemagno/.rvm/gems/ruby-1.9.3-p392/gems/activeadmin-0.6.6/lib/active_admin/router.rb:66:in `block (2 levels) in define_resource_routes'
	from /Users/zemagno/.rvm/gems/ruby-1.9.3-p392/gems/activeadmin-0.6.6/lib/active_admin/router.rb:38:in `each'
	from /Users/zemagno/.rvm/gems/ruby-1.9.3-p392/gems/activeadmin-0.6.6/lib/active_admin/router.rb:38:in `block in define_resource_routes'
	from /Users/zemagno/.rvm/gems/ruby-1.9.3-p392/gems/activeadmin-0.6.6/lib/active_admin/router.rb:36:in `instance_exec'
	from /Users/zemagno/.rvm/gems/ruby-1.9.3-p392/gems/activeadmin-0.6.6/lib/active_admin/router.rb:36:in `define_resource_routes'
	from /Users/zemagno/.rvm/gems/ruby-1.9.3-p392/gems/activeadmin-0.6.6/lib/active_admin/router.rb:17:in `apply'
	from /Users/zemagno/.rvm/gems/ruby-1.9.3-p392/gems/activeadmin-0.6.6/lib/active_admin/application.rb:186:in `routes'
	from /Users/zemagno/.rvm/gems/ruby-1.9.3-p392/gems/activeadmin-0.6.6/lib/active_admin.rb:74:in `routes'
	from /Users/zemagno/Dropbox/Dev/ror/ItMgmt/config/routes.rb:86:in `block in <top (required)>'
	from /Users/zemagno/.rvm/gems/ruby-1.9.3-p392/gems/actionpack-3.2.16/lib/action_dispatch/routing/route_set.rb:285:in `instance_exec'
	from /Users/zemagno/.rvm/gems/ruby-1.9.3-p392/gems/actionpack-3.2.16/lib/action_dispatch/routing/route_set.rb:285:in `eval_block'
	from /Users/zemagno/.rvm/gems/ruby-1.9.3-p392/gems/actionpack-3.2.16/lib/action_dispatch/routing/route_set.rb:263:in `draw'
	from /Users/zemagno/Dropbox/Dev/ror/ItMgmt/config/routes.rb:3:in `<top (required)>'
	from /Users/zemagno/.rvm/gems/ruby-1.9.3-p392/gems/activesupport-3.2.16/lib/active_support/dependencies.rb:245:in `load'
	from /Users/zemagno/.rvm/gems/ruby-1.9.3-p392/gems/activesupport-3.2.16/lib/active_support/dependencies.rb:245:in `block in load'
	from /Users/zemagno/.rvm/gems/ruby-1.9.3-p392/gems/activesupport-3.2.16/lib/active_support/dependencies.rb:236:in `load_dependency'
	from /Users/zemagno/.rvm/gems/ruby-1.9.3-p392/gems/activesupport-3.2.16/lib/active_support/dependencies.rb:245:in `load'
	from /Users/zemagno/.rvm/gems/ruby-1.9.3-p392/gems/railties-3.2.16/lib/rails/application/routes_reloader.rb:40:in `block in load_paths'
	from /Users/zemagno/.rvm/gems/ruby-1.9.3-p392/gems/railties-3.2.16/lib/rails/application/routes_reloader.rb:40:in `each'
	from /Users/zemagno/.rvm/gems/ruby-1.9.3-p392/gems/railties-3.2.16/lib/rails/application/routes_reloader.rb:40:in `load_paths'
	from /Users/zemagno/.rvm/gems/ruby-1.9.3-p392/gems/railties-3.2.16/lib/rails/application/routes_reloader.rb:16:in `reload!'
	from /Users/zemagno/.rvm/gems/ruby-1.9.3-p392/gems/railties-3.2.16/lib/rails/application/routes_reloader.rb:26:in `block in updater'
	from /Users/zemagno/.rvm/gems/ruby-1.9.3-p392/gems/activesupport-3.2.16/lib/active_support/file_update_checker.rb:78:in `call'
	from /Users/zemagno/.rvm/gems/ruby-1.9.3-p392/gems/activesupport-3.2.16/lib/active_support/file_update_checker.rb:78:in `execute'
	from /Users/zemagno/.rvm/gems/ruby-1.9.3-p392/gems/railties-3.2.16/lib/rails/application/routes_reloader.rb:27:in `updater'
	from /Users/zemagno/.rvm/gems/ruby-1.9.3-p392/gems/railties-3.2.16/lib/rails/application/routes_reloader.rb:7:in `execute_if_updated'
	from /Users/zemagno/.rvm/gems/ruby-1.9.3-p392/gems/railties-3.2.16/lib/rails/application/finisher.rb:66:in `block in <module:Finisher>'
	from /Users/zemagno/.rvm/gems/ruby-1.9.3-p392/gems/railties-3.2.16/lib/rails/initializable.rb:30:in `instance_exec'
	from /Users/zemagno/.rvm/gems/ruby-1.9.3-p392/gems/railties-3.2.16/lib/rails/initializable.rb:30:in `run'
	from /Users/zemagno/.rvm/gems/ruby-1.9.3-p392/gems/railties-3.2.16/lib/rails/initializable.rb:55:in `block in run_initializers'
	from /Users/zemagno/.rvm/gems/ruby-1.9.3-p392/gems/railties-3.2.16/lib/rails/initializable.rb:54:in `each'
	from /Users/zemagno/.rvm/gems/ruby-1.9.3-p392/gems/railties-3.2.16/lib/rails/initializable.rb:54:in `run_initializers'
	from /Users/zemagno/.rvm/gems/ruby-1.9.3-p392/gems/railties-3.2.16/lib/rails/application.rb:136:in `initialize!'
	from /Users/zemagno/.rvm/gems/ruby-1.9.3-p392/gems/railties-3.2.16/lib/rails/railtie/configurable.rb:30:in `method_missing'
	from /Users/zemagno/Dropbox/Dev/ror/ItMgmt/config/environment.rb:7:in `<top (required)>'
	from /Users/zemagno/.rvm/gems/ruby-1.9.3-p392/gems/sidekiq-2.17.8/lib/sidekiq/cli.rb:204:in `require'
	from /Users/zemagno/.rvm/gems/ruby-1.9.3-p392/gems/sidekiq-2.17.8/lib/sidekiq/cli.rb:204:in `boot_system'
	from /Users/zemagno/.rvm/gems/ruby-1.9.3-p392/gems/sidekiq-2.17.8/lib/sidekiq/cli.rb:42:in `parse'
	from /Users/zemagno/.rvm/gems/ruby-1.9.3-p392/gems/sidekiq-2.17.8/bin/sidekiq:7:in `<top (required)>'
	from /Users/zemagno/.rvm/gems/ruby-1.9.3-p392/bin/sidekiq:19:in `load'
	from /Users/zemagno/.rvm/gems/ruby-1.9.3-p392/bin/sidekiq:19:in `<main>'
	from /Users/zemagno/.rvm/gems/ruby-1.9.3-p392/bin/ruby_noexec_wrapper:14:in `eval'
	from /Users/zemagno/.rvm/gems/ruby-1.9.3-p392/bin/ruby_noexec_wrapper:14:in `<main>'
