

Started GET "/" for 127.0.0.1 at 2013-10-26 12:16:58 -0200
Processing by TasksController#index as HTML
  [1m[36mTask Load (1.2ms)[0m  [1mSELECT `tasks`.* FROM `tasks` WHERE (Ativo=1 and publica=1) ORDER BY criticidade_id, created_at DESC[0m
  [1m[35mCategory Load (0.3ms)[0m  SELECT `categories`.* FROM `categories` WHERE `categories`.`id` = 1 LIMIT 1
  [1m[36mCriticidade Load (0.2ms)[0m  [1mSELECT `criticidades`.* FROM `criticidades` WHERE `criticidades`.`id` = 1 LIMIT 1[0m
  [1m[35mFornecedor Load (0.3ms)[0m  SELECT `fornecedores`.* FROM `fornecedores` WHERE `fornecedores`.`id` = 5 ORDER BY nome ASC LIMIT 1
  [1m[36mAuthor Load (0.2ms)[0m  [1mSELECT `authors`.* FROM `authors` WHERE `authors`.`id` = 23 LIMIT 1[0m
  [1m[35mSite Load (0.4ms)[0m  SELECT `sites`.* FROM `sites` WHERE `sites`.`id` = 4 ORDER BY nome ASC LIMIT 1
  [1m[36mCACHE (0.0ms)[0m  [1mSELECT `categories`.* FROM `categories` WHERE `categories`.`id` = 1 LIMIT 1[0m
  [1m[35mCriticidade Load (0.4ms)[0m  SELECT `criticidades`.* FROM `criticidades` WHERE `criticidades`.`id` = 5 LIMIT 1
  [1m[36mFornecedor Load (0.3ms)[0m  [1mSELECT `fornecedores`.* FROM `fornecedores` WHERE `fornecedores`.`id` = 4 ORDER BY nome ASC LIMIT 1[0m
  [1m[35mCACHE (0.0ms)[0m  SELECT `authors`.* FROM `authors` WHERE `authors`.`id` = 23 LIMIT 1
  [1m[36mSite Load (0.2ms)[0m  [1mSELECT `sites`.* FROM `sites` WHERE `sites`.`id` = 14 ORDER BY nome ASC LIMIT 1[0m
  Rendered tasks/index.html.erb within layouts/application (640.6ms)
Completed 200 OK in 1119ms (Views: 1036.3ms | ActiveRecord: 14.7ms | Sphinx: 0.0ms)


Started GET "/assets/jquery-ui.css?body=1" for 127.0.0.1 at 2013-10-26 12:17:00 -0200
Served asset /jquery-ui.css - 200 OK (2ms)


Started GET "/assets/chavecis.css?body=1" for 127.0.0.1 at 2013-10-26 12:17:00 -0200
Served asset /chavecis.css - 200 OK (3ms)


Started GET "/assets/CMDBstyle.css?body=1" for 127.0.0.1 at 2013-10-26 12:17:00 -0200
Served asset /CMDBstyle.css - 200 OK (2ms)


Started GET "/assets/scaffold.css?body=1" for 127.0.0.1 at 2013-10-26 12:17:00 -0200
Served asset /scaffold.css - 200 OK (6ms)


Started GET "/assets/jquery-ujs.js?body=1" for 127.0.0.1 at 2013-10-26 12:17:00 -0200
Served asset /jquery-ujs.js - 200 OK (5ms)


Started GET "/assets/jquery-ui-timepicker-addon.css?body=1" for 127.0.0.1 at 2013-10-26 12:17:00 -0200
Served asset /jquery-ui-timepicker-addon.css - 200 OK (2ms)


Started GET "/assets/jquery.js?body=1" for 127.0.0.1 at 2013-10-26 12:17:00 -0200
Served asset /jquery.js - 200 OK (5ms)


Started GET "/assets/application.js?body=1" for 127.0.0.1 at 2013-10-26 12:17:00 -0200
Served asset /application.js - 200 OK (9ms)


Started GET "/assets/jquery.min.js?body=1" for 127.0.0.1 at 2013-10-26 12:17:00 -0200
Served asset /jquery.min.js - 200 OK (3ms)


Started GET "/assets/jquery-ui.min.js?body=1" for 127.0.0.1 at 2013-10-26 12:17:00 -0200
Served asset /jquery-ui.min.js - 200 OK (2ms)


Started GET "/assets/utils.js?body=1" for 127.0.0.1 at 2013-10-26 12:17:00 -0200
Served asset /utils.js - 200 OK (3ms)


Started GET "/assets/images/ui-bg_inset-hard_100_fcfdfd_1x100.png" for 127.0.0.1 at 2013-10-26 12:17:00 -0200
Served asset /images/ui-bg_inset-hard_100_fcfdfd_1x100.png - 200 OK (11ms)


Started GET "/cis" for 127.0.0.1 at 2013-10-26 12:17:37 -0200
Processing by CisController#index as HTML
  [1m[32mSphinx Query (1.9ms)[0m  [1m[0m
  [1m[32mSphinx[0m  Caught Sphinx exception: Connection to 127.0.0.1 on 9312 failed. Connection refused - connect(2) (0 tries left)
  [1m[35m (0.6ms)[0m  SELECT COUNT(*) FROM `cis` 
  [1m[36mCi Load (0.5ms)[0m  [1mSELECT `cis`.* FROM `cis` LIMIT 30 OFFSET 0[0m
  [1m[35mTipoci Load (0.3ms)[0m  SELECT `tipocis`.* FROM `tipocis` WHERE `tipocis`.`id` = 1 ORDER BY tipo ASC LIMIT 1
  [1m[36mSite Load (0.3ms)[0m  [1mSELECT `sites`.* FROM `sites` WHERE `sites`.`id` = 1 ORDER BY nome ASC LIMIT 1[0m
  [1m[35mCACHE (0.0ms)[0m  SELECT `tipocis`.* FROM `tipocis` WHERE `tipocis`.`id` = 1 ORDER BY tipo ASC LIMIT 1
  [1m[36mSite Load (0.7ms)[0m  [1mSELECT `sites`.* FROM `sites` WHERE `sites`.`id` = 3 ORDER BY nome ASC LIMIT 1[0m
  [1m[35mCACHE (0.0ms)[0m  SELECT `tipocis`.* FROM `tipocis` WHERE `tipocis`.`id` = 1 ORDER BY tipo ASC LIMIT 1
  [1m[36mCACHE (0.0ms)[0m  [1mSELECT `sites`.* FROM `sites` WHERE `sites`.`id` = 3 ORDER BY nome ASC LIMIT 1[0m
  [1m[35mTipoci Load (0.3ms)[0m  SELECT `tipocis`.* FROM `tipocis` WHERE `tipocis`.`id` = 2 ORDER BY tipo ASC LIMIT 1
  [1m[36mCACHE (0.0ms)[0m  [1mSELECT `sites`.* FROM `sites` WHERE `sites`.`id` = 3 ORDER BY nome ASC LIMIT 1[0m
  [1m[35mCACHE (0.0ms)[0m  SELECT `tipocis`.* FROM `tipocis` WHERE `tipocis`.`id` = 2 ORDER BY tipo ASC LIMIT 1
  [1m[36mSite Load (0.3ms)[0m  [1mSELECT `sites`.* FROM `sites` WHERE `sites`.`id` = 2 ORDER BY nome ASC LIMIT 1[0m
  [1m[35mTipoci Load (0.2ms)[0m  SELECT `tipocis`.* FROM `tipocis` WHERE `tipocis`.`id` = 3 ORDER BY tipo ASC LIMIT 1
  [1m[36mCACHE (0.0ms)[0m  [1mSELECT `sites`.* FROM `sites` WHERE `sites`.`id` = 3 ORDER BY nome ASC LIMIT 1[0m
  [1m[35mTipoci Load (0.2ms)[0m  SELECT `tipocis`.* FROM `tipocis` WHERE `tipocis`.`id` = 4 ORDER BY tipo ASC LIMIT 1
  [1m[36mSite Load (0.2ms)[0m  [1mSELECT `sites`.* FROM `sites` WHERE `sites`.`id` = 6 ORDER BY nome ASC LIMIT 1[0m
  [1m[35mCACHE (0.0ms)[0m  SELECT `tipocis`.* FROM `tipocis` WHERE `tipocis`.`id` = 1 ORDER BY tipo ASC LIMIT 1
  [1m[36mCACHE (0.0ms)[0m  [1mSELECT `sites`.* FROM `sites` WHERE `sites`.`id` = 1 ORDER BY nome ASC LIMIT 1[0m
  [1m[35mTipoci Load (0.4ms)[0m  SELECT `tipocis`.* FROM `tipocis` WHERE `tipocis`.`id` = 6 ORDER BY tipo ASC LIMIT 1
  [1m[36mCACHE (0.0ms)[0m  [1mSELECT `sites`.* FROM `sites` WHERE `sites`.`id` = 3 ORDER BY nome ASC LIMIT 1[0m
  [1m[35mCACHE (0.0ms)[0m  SELECT `tipocis`.* FROM `tipocis` WHERE `tipocis`.`id` = 2 ORDER BY tipo ASC LIMIT 1
  [1m[36mCACHE (0.0ms)[0m  [1mSELECT `sites`.* FROM `sites` WHERE `sites`.`id` = 2 ORDER BY nome ASC LIMIT 1[0m
  [1m[35mCACHE (0.0ms)[0m  SELECT `tipocis`.* FROM `tipocis` WHERE `tipocis`.`id` = 6 ORDER BY tipo ASC LIMIT 1
  [1m[36mCACHE (0.0ms)[0m  [1mSELECT `sites`.* FROM `sites` WHERE `sites`.`id` = 2 ORDER BY nome ASC LIMIT 1[0m
  [1m[35mCACHE (0.0ms)[0m  SELECT `tipocis`.* FROM `tipocis` WHERE `tipocis`.`id` = 3 ORDER BY tipo ASC LIMIT 1
  [1m[36mCACHE (0.0ms)[0m  [1mSELECT `sites`.* FROM `sites` WHERE `sites`.`id` = 6 ORDER BY nome ASC LIMIT 1[0m
  [1m[35mCACHE (0.0ms)[0m  SELECT `tipocis`.* FROM `tipocis` WHERE `tipocis`.`id` = 3 ORDER BY tipo ASC LIMIT 1
  [1m[36mCACHE (0.0ms)[0m  [1mSELECT `sites`.* FROM `sites` WHERE `sites`.`id` = 2 ORDER BY nome ASC LIMIT 1[0m
  [1m[35mCACHE (0.0ms)[0m  SELECT `tipocis`.* FROM `tipocis` WHERE `tipocis`.`id` = 6 ORDER BY tipo ASC LIMIT 1
  [1m[36mCACHE (0.0ms)[0m  [1mSELECT `sites`.* FROM `sites` WHERE `sites`.`id` = 1 ORDER BY nome ASC LIMIT 1[0m
  [1m[35mCACHE (0.0ms)[0m  SELECT `tipocis`.* FROM `tipocis` WHERE `tipocis`.`id` = 3 ORDER BY tipo ASC LIMIT 1
  [1m[36mCACHE (0.0ms)[0m  [1mSELECT `sites`.* FROM `sites` WHERE `sites`.`id` = 3 ORDER BY nome ASC LIMIT 1[0m
  [1m[35mCACHE (0.0ms)[0m  SELECT `tipocis`.* FROM `tipocis` WHERE `tipocis`.`id` = 3 ORDER BY tipo ASC LIMIT 1
  [1m[36mCACHE (0.0ms)[0m  [1mSELECT `sites`.* FROM `sites` WHERE `sites`.`id` = 2 ORDER BY nome ASC LIMIT 1[0m
  [1m[35mCACHE (0.0ms)[0m  SELECT `tipocis`.* FROM `tipocis` WHERE `tipocis`.`id` = 2 ORDER BY tipo ASC LIMIT 1
  [1m[36mCACHE (0.0ms)[0m  [1mSELECT `sites`.* FROM `sites` WHERE `sites`.`id` = 3 ORDER BY nome ASC LIMIT 1[0m
  [1m[35mCACHE (0.0ms)[0m  SELECT `tipocis`.* FROM `tipocis` WHERE `tipocis`.`id` = 4 ORDER BY tipo ASC LIMIT 1
  [1m[36mSite Load (0.4ms)[0m  [1mSELECT `sites`.* FROM `sites` WHERE `sites`.`id` = 4 ORDER BY nome ASC LIMIT 1[0m
  [1m[35mCACHE (0.0ms)[0m  SELECT `tipocis`.* FROM `tipocis` WHERE `tipocis`.`id` = 3 ORDER BY tipo ASC LIMIT 1
  [1m[36mCACHE (0.0ms)[0m  [1mSELECT `sites`.* FROM `sites` WHERE `sites`.`id` = 3 ORDER BY nome ASC LIMIT 1[0m
  [1m[35mCACHE (0.0ms)[0m  SELECT `tipocis`.* FROM `tipocis` WHERE `tipocis`.`id` = 3 ORDER BY tipo ASC LIMIT 1
  [1m[36mCACHE (0.0ms)[0m  [1mSELECT `sites`.* FROM `sites` WHERE `sites`.`id` = 1 ORDER BY nome ASC LIMIT 1[0m
  [1m[35mCACHE (0.0ms)[0m  SELECT `tipocis`.* FROM `tipocis` WHERE `tipocis`.`id` = 2 ORDER BY tipo ASC LIMIT 1
  [1m[36mCACHE (0.0ms)[0m  [1mSELECT `sites`.* FROM `sites` WHERE `sites`.`id` = 4 ORDER BY nome ASC LIMIT 1[0m
  [1m[35mCACHE (0.0ms)[0m  SELECT `tipocis`.* FROM `tipocis` WHERE `tipocis`.`id` = 4 ORDER BY tipo ASC LIMIT 1
  [1m[36mSite Load (0.3ms)[0m  [1mSELECT `sites`.* FROM `sites` WHERE `sites`.`id` = 8 ORDER BY nome ASC LIMIT 1[0m
  [1m[35mCACHE (0.0ms)[0m  SELECT `tipocis`.* FROM `tipocis` WHERE `tipocis`.`id` = 1 ORDER BY tipo ASC LIMIT 1
  [1m[36mCACHE (0.0ms)[0m  [1mSELECT `sites`.* FROM `sites` WHERE `sites`.`id` = 3 ORDER BY nome ASC LIMIT 1[0m
  [1m[35mCACHE (0.0ms)[0m  SELECT `tipocis`.* FROM `tipocis` WHERE `tipocis`.`id` = 6 ORDER BY tipo ASC LIMIT 1
  [1m[36mCACHE (0.0ms)[0m  [1mSELECT `sites`.* FROM `sites` WHERE `sites`.`id` = 4 ORDER BY nome ASC LIMIT 1[0m
  [1m[35mCACHE (0.0ms)[0m  SELECT `tipocis`.* FROM `tipocis` WHERE `tipocis`.`id` = 6 ORDER BY tipo ASC LIMIT 1
  [1m[36mCACHE (0.0ms)[0m  [1mSELECT `sites`.* FROM `sites` WHERE `sites`.`id` = 4 ORDER BY nome ASC LIMIT 1[0m
  [1m[35mCACHE (0.0ms)[0m  SELECT `tipocis`.* FROM `tipocis` WHERE `tipocis`.`id` = 1 ORDER BY tipo ASC LIMIT 1
  [1m[36mCACHE (0.0ms)[0m  [1mSELECT `sites`.* FROM `sites` WHERE `sites`.`id` = 3 ORDER BY nome ASC LIMIT 1[0m
  [1m[35mCACHE (0.0ms)[0m  SELECT `tipocis`.* FROM `tipocis` WHERE `tipocis`.`id` = 1 ORDER BY tipo ASC LIMIT 1
  [1m[36mCACHE (0.0ms)[0m  [1mSELECT `sites`.* FROM `sites` WHERE `sites`.`id` = 3 ORDER BY nome ASC LIMIT 1[0m
  [1m[35mCACHE (0.0ms)[0m  SELECT `tipocis`.* FROM `tipocis` WHERE `tipocis`.`id` = 1 ORDER BY tipo ASC LIMIT 1
  [1m[36mCACHE (0.0ms)[0m  [1mSELECT `sites`.* FROM `sites` WHERE `sites`.`id` = 2 ORDER BY nome ASC LIMIT 1[0m
  [1m[35mCACHE (0.0ms)[0m  SELECT `tipocis`.* FROM `tipocis` WHERE `tipocis`.`id` = 1 ORDER BY tipo ASC LIMIT 1
  [1m[36mCACHE (0.0ms)[0m  [1mSELECT `sites`.* FROM `sites` WHERE `sites`.`id` = 3 ORDER BY nome ASC LIMIT 1[0m
  [1m[35mCACHE (0.0ms)[0m  SELECT `tipocis`.* FROM `tipocis` WHERE `tipocis`.`id` = 1 ORDER BY tipo ASC LIMIT 1
  [1m[36mCACHE (0.0ms)[0m  [1mSELECT `sites`.* FROM `sites` WHERE `sites`.`id` = 2 ORDER BY nome ASC LIMIT 1[0m
  Rendered cis/index.html.erb within layouts/application (447.0ms)
Completed 200 OK in 805ms (Views: 458.2ms | ActiveRecord: 18.3ms | Sphinx: 1.9ms)
Connecting to database specified by database.yml


Started GET "/cis/25" for 127.0.0.1 at 2013-10-26 12:18:19 -0200
Processing by CisController#show as HTML
  Parameters: {"id"=>"25"}
  [1m[35mCi Load (0.4ms)[0m  SELECT `cis`.* FROM `cis` WHERE `cis`.`id` = 25 LIMIT 1
  [1m[36mAtributo Load (3.4ms)[0m  [1mSELECT `atributos`.* FROM `atributos` WHERE `atributos`.`ci_id` IN (25)[0m
  [1m[35mTipoci Load (0.3ms)[0m  SELECT `tipocis`.* FROM `tipocis` WHERE `tipocis`.`id` = 2 ORDER BY tipo ASC LIMIT 1
  [1m[36mDicdado Load (0.4ms)[0m  [1mSELECT `dicdados`.* FROM `dicdados` WHERE `dicdados`.`tipoci_id` = 2 ORDER BY tipoci_id ASC, ordem ASC[0m
  [1m[35mCi Load (0.4ms)[0m  SELECT `cis`.* FROM `cis` WHERE (id < 25) ORDER BY `cis`.`id` DESC LIMIT 1
  [1m[36mCACHE (0.0ms)[0m  [1mSELECT `cis`.* FROM `cis` WHERE (id < 25) ORDER BY `cis`.`id` DESC LIMIT 1[0m
  [1m[35mCi Load (0.4ms)[0m  SELECT `cis`.* FROM `cis` WHERE (id > 25) LIMIT 1
  [1m[36mCACHE (0.0ms)[0m  [1mSELECT `cis`.* FROM `cis` WHERE (id > 25) LIMIT 1[0m
  Rendered cis/_menu_ci.html.erb (1.8ms)
  [1m[35mCi Load (0.4ms)[0m  SELECT `cis`.* FROM `cis` INNER JOIN `relacionamentos` ON `cis`.`id` = `relacionamentos`.`impactado_id` WHERE `relacionamentos`.`dependente_id` = 25
  [1m[36mTipoci Load (21.8ms)[0m  [1mSELECT `tipocis`.* FROM `tipocis` WHERE `tipocis`.`id` IN (12, 3, 6) ORDER BY tipo ASC[0m
  Rendered cis/_edges.html.erb (40.7ms)
  [1m[35mStatusci Load (0.3ms)[0m  SELECT `statuscis`.* FROM `statuscis` WHERE `statuscis`.`id` = 1 LIMIT 1
  [1m[36mSite Load (0.3ms)[0m  [1mSELECT `sites`.* FROM `sites` WHERE `sites`.`id` = 4 ORDER BY nome ASC LIMIT 1[0m
  Rendered cis/_form.html.erb (16.9ms)
  Rendered cis/_menu_dependentes_ci.html.erb (3.6ms)
  [1m[35mCi Load (0.4ms)[0m  SELECT `cis`.* FROM `cis` INNER JOIN `relacionamentos` ON `cis`.`id` = `relacionamentos`.`dependente_id` WHERE `relacionamentos`.`impactado_id` = 25 AND (tipo = 0)
  Rendered cis/_edges.html.erb (2.7ms)
  Rendered cis/show.html.erb within layouts/application (178.8ms)
Completed 200 OK in 629ms (Views: 179.0ms | ActiveRecord: 32.3ms | Sphinx: 0.0ms)


Started GET "/stylesheets/CMDBstyle.css" for 127.0.0.1 at 2013-10-26 12:18:20 -0200

ActionController::RoutingError (No route matches [GET] "/stylesheets/CMDBstyle.css"):
  actionpack (3.2.13) lib/action_dispatch/middleware/debug_exceptions.rb:21:in `call'
  actionpack (3.2.13) lib/action_dispatch/middleware/show_exceptions.rb:56:in `call'
  railties (3.2.13) lib/rails/rack/logger.rb:32:in `call_app'
  railties (3.2.13) lib/rails/rack/logger.rb:16:in `block in call'
  activesupport (3.2.13) lib/active_support/tagged_logging.rb:22:in `tagged'
  railties (3.2.13) lib/rails/rack/logger.rb:16:in `call'
  actionpack (3.2.13) lib/action_dispatch/middleware/request_id.rb:22:in `call'
  rack (1.4.5) lib/rack/methodoverride.rb:21:in `call'
  rack (1.4.5) lib/rack/runtime.rb:17:in `call'
  activesupport (3.2.13) lib/active_support/cache/strategy/local_cache.rb:72:in `call'
  rack (1.4.5) lib/rack/lock.rb:15:in `call'
  actionpack (3.2.13) lib/action_dispatch/middleware/static.rb:63:in `call'
  railties (3.2.13) lib/rails/engine.rb:479:in `call'
  railties (3.2.13) lib/rails/application.rb:223:in `call'
  rack (1.4.5) lib/rack/content_length.rb:14:in `call'
  railties (3.2.13) lib/rails/rack/log_tailer.rb:17:in `call'
  thin (1.5.1) lib/thin/connection.rb:81:in `block in pre_process'
  thin (1.5.1) lib/thin/connection.rb:79:in `catch'
  thin (1.5.1) lib/thin/connection.rb:79:in `pre_process'
  thin (1.5.1) lib/thin/connection.rb:54:in `process'
  thin (1.5.1) lib/thin/connection.rb:39:in `receive_data'
  eventmachine (1.0.3) lib/eventmachine.rb:187:in `run_machine'
  eventmachine (1.0.3) lib/eventmachine.rb:187:in `run'
  thin (1.5.1) lib/thin/backends/base.rb:63:in `start'
  thin (1.5.1) lib/thin/server.rb:159:in `start'
  rack (1.4.5) lib/rack/handler/thin.rb:13:in `run'
  rack (1.4.5) lib/rack/server.rb:268:in `start'
  railties (3.2.13) lib/rails/commands/server.rb:70:in `start'
  railties (3.2.13) lib/rails/commands.rb:55:in `block in <top (required)>'
  railties (3.2.13) lib/rails/commands.rb:50:in `tap'
  railties (3.2.13) lib/rails/commands.rb:50:in `<top (required)>'
  script/rails:6:in `require'
  script/rails:6:in `<main>'


  Rendered /Users/magno/.rvm/gems/ruby-1.9.3-p327/gems/actionpack-3.2.13/lib/action_dispatch/middleware/templates/rescues/routing_error.erb within rescues/layout (0.8ms)
