[Sat Aug 24 13:37:24.894 2013] 0.292 sec [bool/2/rel 54 (0,20)] [ci_core] link
[Sat Aug 24 14:24:55.864 2013] 0.000 sec [bool/2/rel 751 (0,20)] [ci_core]
[Sat Aug 24 14:25:05.503 2013] 0.000 sec [bool/2/rel 54 (0,20)] [ci_core] link
[Sat Aug 24 14:26:19.944 2013] 0.000 sec [bool/2/rel 54 (0,20)] [ci_core] link
[Sat Aug 24 14:27:15.336 2013] 0.000 sec [bool/2/rel 54 (0,20)] [ci_core] link
[Sat Aug 24 14:27:28.499 2013] 0.000 sec [bool/2/rel 6 (0,20)] [ci_core] link marechal
[Sat Aug 24 14:27:35.061 2013] 0.275 sec [bool/2/rel 10 (0,20)] [ci_core] link marechal |kennedy
[Sat Aug 24 14:50:07.729 2013] 0.000 sec [bool/2/rel 10 (0,20)] [ci_core] link marechal |kennedy
[Sat Aug 24 15:22:20.221 2013] 0.000 sec [bool/2/rel 10 (0,20)] [ci_core] link marechal |kennedy
[Sun Aug 25 08:37:14.001 2013] 0.010 sec [bool/2/rel 10 (0,20)] [ci_core] link marechal |kennedy
[Sun Aug 25 08:37:14.146 2013] 0.000 sec [bool/2/rel 10 (0,20)] [ci_core] link marechal |kennedy
[Sun Aug 25 08:37:18.731 2013] 0.000 sec [bool/2/rel 10 (0,20)] [ci_core] link marechal |kennedy
[Sun Aug 25 08:58:27.568 2013] 0.000 sec [bool/2/rel 10 (0,20)] [ci_core] link marechal |kennedy
[Sun Aug 25 08:58:27.644 2013] 0.001 sec [bool/2/rel 10 (0,20)] [ci_core] link marechal |kennedy
[Sun Aug 25 09:02:17.364 2013] 0.001 sec [bool/2/rel 10 (0,20)] [ci_core] link marechal |kennedy
[Sun Aug 25 09:25:25.200 2013] 0.000 sec [bool/2/rel 137 (0,15)] [contrato_core]
[Sun Aug 25 09:28:37.390 2013] 0.001 sec [bool/2/rel 137 (0,15)] [contrato_core]
[Sun Aug 25 09:28:37.644 2013] 0.000 sec [bool/2/rel 137 (0,15)] [contrato_core]
[Sun Aug 25 09:29:34.113 2013] 0.000 sec [bool/2/rel 137 (0,15)] [contrato_core]
[Sun Aug 25 09:29:39.892 2013] 0.000 sec [bool/2/rel 24 (0,15)] [contrato_core] gvt
[Sun Aug 25 09:30:09.571 2013] 0.001 sec [bool/2/rel 24 (0,15)] [contrato_core] gvt
[Sun Aug 25 09:32:27.775 2013] 0.000 sec [bool/2/rel 24 (0,15)] [contrato_core] gvt
[Sun Aug 25 09:35:11.792 2013] 0.000 sec [bool/2/rel 0 (0,15)] [fornecedor_core] gvt embratel
[Sun Aug 25 09:35:16.088 2013] 0.000 sec [bool/2/rel 1 (0,15)] [fornecedor_core] gvt
[Sun Aug 25 09:35:19.885 2013] 0.000 sec [bool/2/rel 1 (0,15)] [fornecedor_core] embratel
[Sun Aug 25 09:35:25.443 2013] 0.000 sec [bool/2/rel 2 (0,15)] [fornecedor_core] embratel | gvt
[Sun Aug 25 09:35:30.034 2013] 0.000 sec [bool/2/rel 1 (0,15)] [fornecedor_core] embratel
[Sun Aug 25 09:37:25.056 2013] 0.000 sec [bool/2/rel 51 (0,15)] [fornecedor_core]
[Sun Aug 25 09:37:42.557 2013] 0.000 sec [bool/2/rel 51 (15,15)] [fornecedor_core]
[Sun Aug 25 09:37:43.982 2013] 0.000 sec [bool/2/rel 51 (30,15)] [fornecedor_core]
[Sun Aug 25 09:38:57.975 2013] 0.000 sec [bool/2/rel 1 (0,15)] [fornecedor_core] embratel
[Sun Aug 25 09:39:04.282 2013] 0.000 sec [bool/2/rel 51 (0,15)] [fornecedor_core]
[Sun Aug 25 09:39:08.421 2013] 0.000 sec [bool/2/rel 1 (0,15)] [fornecedor_core] gvt
[Sun Aug 25 09:39:46.356 2013] 0.000 sec [bool/2/rel 51 (0,15)] [fornecedor_core]
[Sun Aug 25 09:40:43.881 2013] 0.000 sec [bool/2/rel 10 (0,20)] [ci_core] link marechal |kennedy
[Sun Aug 25 12:34:36.400 2013] 0.037 sec [bool/2/rel 51 (0,15)] [fornecedor_core]
[Sun Aug 25 12:34:37.421 2013] 0.000 sec [bool/2/rel 51 (0,15)] [fornecedor_core]
[Sun Aug 25 12:34:46.115 2013] 0.000 sec [bool/2/rel 51 (30,15)] [fornecedor_core]
