AMS138,Microsoft Office Professional Plus 2010
DT007056,Microsoft Office Professional Plus 2010
DT008811,Microsoft Office Professional Plus 2010
DT009452,Microsoft Office Professional Plus 2010
DT009453,Microsoft Office Professional Plus 2010
DT012076,Microsoft Office Professional Plus 2010
DT012394,Microsoft Office Professional Plus 2010
DT012496,Microsoft Office Professional Plus 2010
DT012499,Microsoft Office Professional Plus 2010
DT013081,Microsoft Office Professional Plus 2010
DT013145,Microsoft Office Professional Plus 2010
DT014414,Microsoft Office Professional Plus 2010
DT014544,Microsoft Office Professional Plus 2010
DT014589,Microsoft Office Professional Plus 2010
DT014597,Microsoft Office Professional Plus 2010
DT014651,Microsoft Office Professional Plus 2010
DT015819,Microsoft Office Professional Plus 2010
DT015902,Microsoft Office Professional Plus 2010
DT015905,Microsoft Office Professional Plus 2010
DT016269,Microsoft Office Professional Plus 2010
DT017101,Microsoft Office Professional Plus 2010
DT017116,Microsoft Office Professional Plus 2010
DT017127,Microsoft Office Professional Plus 2010
DT017557,Microsoft Office Professional Plus 2010
DT017739,Microsoft Office Professional Plus 2010
DT018005E,Microsoft Office Professional Plus 2010
DT018292,Microsoft Office Professional Plus 2010
DT018387,Microsoft Office Professional Plus 2010
DT018394,Microsoft Office Professional Plus 2010
DT018399,Microsoft Office Professional Plus 2010
DT018404,Microsoft Office Professional Plus 2010
DT018407,Microsoft Office Professional Plus 2010
DT14584,Microsoft Office Professional Plus 2010
NB015704,Microsoft Office Professional Plus 2010
NB015706,Microsoft Office Professional Plus 2010
NB015959,Microsoft Office Professional Plus 2010
NB016241,Microsoft Office Professional Plus 2010
NB016585E,Microsoft Office Professional Plus 2010
NB016593,Microsoft Office Professional Plus 2010
NB016599E,Microsoft Office Professional Plus 2010
NB016616,Microsoft Office Professional Plus 2010
NB016664,Microsoft Office Professional Plus 2010
NB016675E,Microsoft Office Professional Plus 2010
NB017068,Microsoft Office Professional Plus 2010
NB017094,Microsoft Office Professional Plus 2010
NB017260,Microsoft Office Professional Plus 2010
NB017262,Microsoft Office Professional Plus 2010
NB017267,Microsoft Office Professional Plus 2010
NB017521,Microsoft Office Professional Plus 2010
NB018130,Microsoft Office Professional Plus 2010
NB019763,Microsoft Office Professional Plus 2010
NB019772,Microsoft Office Professional Plus 2010
NB019786,Microsoft Office Professional Plus 2010
NB020077,Microsoft Office Professional Plus 2010
NB020180,Microsoft Office Professional Plus 2010
NB020192,Microsoft Office Professional Plus 2010
NB021060,Microsoft Office Professional Plus 2010
NB021061,Microsoft Office Professional Plus 2010
NB021066,Microsoft Office Professional Plus 2010
NB022125,Microsoft Office Professional Plus 2010
NB022222,Microsoft Office Professional Plus 2010
NB023718,Microsoft Office Professional Plus 2010
AMS138,Microsoft Office Project Professional 2010
DT009452,Microsoft Office Project Professional 2010
DT012365,Microsoft Office Project Professional 2010
DT012499,Microsoft Office Project Professional 2010
DT013081,Microsoft Office Project Professional 2010
DT014544,Microsoft Office Project Professional 2010
DT015819,Microsoft Office Project Professional 2010
DT015906,Microsoft Office Project Professional 2010
DT017547,Microsoft Office Project Professional 2010
DT017557,Microsoft Office Project Professional 2010
DT017739,Microsoft Office Project Professional 2010
NB015704,Microsoft Office Project Professional 2010
NB016241,Microsoft Office Project Professional 2010
NB016593,Microsoft Office Project Professional 2010
NB016599E,Microsoft Office Project Professional 2010
NB016664,Microsoft Office Project Professional 2010
NB016675E,Microsoft Office Project Professional 2010
NB017068,Microsoft Office Project Professional 2010
NB017094,Microsoft Office Project Professional 2010
NB017262,Microsoft Office Project Professional 2010
NB017265,Microsoft Office Project Professional 2010
NB017267,Microsoft Office Project Professional 2010
NB017295,Microsoft Office Project Professional 2010
NB017521,Microsoft Office Project Professional 2010
NB018130,Microsoft Office Project Professional 2010
NB018370,Microsoft Office Project Professional 2010
NB019786,Microsoft Office Project Professional 2010
NB020180,Microsoft Office Project Professional 2010
NB021060,Microsoft Office Project Professional 2010
NB021061,Microsoft Office Project Professional 2010
NB021066,Microsoft Office Project Professional 2010
NB022002,Microsoft Office Project Professional 2010
NB022125,Microsoft Office Project Professional 2010
NB022222,Microsoft Office Project Professional 2010
NB022224,Microsoft Office Project Professional 2010
NB023711,Microsoft Office Project Professional 2010
NB023718,Microsoft Office Project Professional 2010
NB023719,Microsoft Office Project Professional 2010
ALPHASERVER10,VMware Virtual Platform
ALPHASERVER15,VMware Virtual Platform
AMS138,Microsoft Office Standard 2010
DT007056,Microsoft Office Standard 2010
DT009444E,Microsoft Office Standard 2010
DT009453,Microsoft Office Standard 2010
DT012076,Microsoft Office Standard 2010
DT012078,Microsoft Office Standard 2010
DT012092,Microsoft Office Standard 2010
DT012365,Microsoft Office Standard 2010
DT012496,Microsoft Office Standard 2010
DT013061,Microsoft Office Standard 2010
DT013146,Microsoft Office Standard 2010
DT014414,Microsoft Office Standard 2010
DT014597,Microsoft Office Standard 2010
DT014600,Microsoft Office Standard 2010
DT014651,Microsoft Office Standard 2010
DT015810,Microsoft Office Standard 2010
DT015819,Microsoft Office Standard 2010
DT016270,Microsoft Office Standard 2010
DT016271,Microsoft Office Standard 2010
DT016329,Microsoft Office Standard 2010
DT017101,Microsoft Office Standard 2010
DT017116,Microsoft Office Standard 2010
DT017118,Microsoft Office Standard 2010
DT017127,Microsoft Office Standard 2010
DT017134,Microsoft Office Standard 2010
DT017543,Microsoft Office Standard 2010
DT017544,Microsoft Office Standard 2010
DT017581,Microsoft Office Standard 2010
DT018001E,Microsoft Office Standard 2010
DT018005E,Microsoft Office Standard 2010
DT018292,Microsoft Office Standard 2010
DT018387,Microsoft Office Standard 2010
DT018399,Microsoft Office Standard 2010
DT018404,Microsoft Office Standard 2010
DT018410,Microsoft Office Standard 2010
DT09471,Microsoft Office Standard 2010
NB011440,Microsoft Office Standard 2010
NB015713,Microsoft Office Standard 2010
NB016238,Microsoft Office Standard 2010
NB016594,Microsoft Office Standard 2010
NB017094,Microsoft Office Standard 2010
NB018086E,Microsoft Office Standard 2010
NB018350,Microsoft Office Standard 2010
NB018370,Microsoft Office Standard 2010
NB020174,Microsoft Office Standard 2010
NB022184,Microsoft Office Standard 2010
NB022224,Microsoft Office Standard 2010
NB023711,Microsoft Office Standard 2010
NB023719,Microsoft Office Standard 2010
NB023826,Microsoft Office Standard 2010
DT012072,Microsoft Office Visio 2010
DT013001,Microsoft Office Visio 2010
DT013146,Microsoft Office Visio 2010
DT014544,Microsoft Office Visio 2010
DT0145800,Microsoft Office Visio 2010
DT015906,Microsoft Office Visio 2010
DT017547,Microsoft Office Visio 2010
DT018292,Microsoft Office Visio 2010
DT018394,Microsoft Office Visio 2010
DT018404,Microsoft Office Visio 2010
NB011440,Microsoft Office Visio 2010
NB016593,Microsoft Office Visio 2010
NB016599E,Microsoft Office Visio 2010
NB016664,Microsoft Office Visio 2010
NB017260,Microsoft Office Visio 2010
NB017262,Microsoft Office Visio 2010
NB018370,Microsoft Office Visio 2010
NB019772,Microsoft Office Visio 2010
NB020192,Microsoft Office Visio 2010
NB021060,Microsoft Office Visio 2010
NB022125,Microsoft Office Visio 2010
NB022222,Microsoft Office Visio 2010
NB022224,Microsoft Office Visio 2010
NB023651,Microsoft Office Visio 2010
NB023718,Microsoft Office Visio 2010
DT012363,Microsoft Visual Studio 2010 Professional - ENU
CITRIXPRODRM05,VMware Virtual Platform
DT011317,Microsoft Office Professional Plus 2010
DT012360,Microsoft Office Professional Plus 2010
DT012493,Microsoft Office Professional Plus 2010
DT013122,Microsoft Office Professional Plus 2010
DT013143,Microsoft Office Professional Plus 2010
DT0152110,Microsoft Office Professional Plus 2010
DT015220,Microsoft Office Professional Plus 2010
DT017144,Microsoft Office Professional Plus 2010
DT017152,Microsoft Office Professional Plus 2010
DT017155,Microsoft Office Professional Plus 2010
DT017669E,Microsoft Office Professional Plus 2010
DT017687E,Microsoft Office Professional Plus 2010
DT017712E,Microsoft Office Professional Plus 2010
DT017717E,Microsoft Office Professional Plus 2010
DT017760E,Microsoft Office Professional Plus 2010
DT017770E,Microsoft Office Professional Plus 2010
DT017772E,Microsoft Office Professional Plus 2010
DT017775E,Microsoft Office Professional Plus 2010
DT017817E,Microsoft Office Professional Plus 2010
DT018227,Microsoft Office Professional Plus 2010
DT018289,Microsoft Office Professional Plus 2010
DT018398,Microsoft Office Professional Plus 2010
DT018415,Microsoft Office Professional Plus 2010
DT018416,Microsoft Office Professional Plus 2010
DT020998,Microsoft Office Professional Plus 2010
DT021001,Microsoft Office Professional Plus 2010
DT021024,Microsoft Office Professional Plus 2010
DT021031,Microsoft Office Professional Plus 2010
DT021034,Microsoft Office Professional Plus 2010
DT022037,Microsoft Office Professional Plus 2010
DT022039,Microsoft Office Professional Plus 2010
DT022138,Microsoft Office Professional Plus 2010
DT022163,Microsoft Office Professional Plus 2010
DT022271,Microsoft Office Professional Plus 2010
DT022276,Microsoft Office Professional Plus 2010
NB0020074,Microsoft Office Professional Plus 2010
NB0020120,Microsoft Office Professional Plus 2010
NB011442,Microsoft Office Professional Plus 2010
NB012111,Microsoft Office Professional Plus 2010
NB014527,Microsoft Office Professional Plus 2010
NB014541,Microsoft Office Professional Plus 2010
NB015943,Microsoft Office Professional Plus 2010
NB015951,Microsoft Office Professional Plus 2010
NB016235,Microsoft Office Professional Plus 2010
NB016246,Microsoft Office Professional Plus 2010
NB016575,Microsoft Office Professional Plus 2010
NB016587,Microsoft Office Professional Plus 2010
NB016595,Microsoft Office Professional Plus 2010
NB016604,Microsoft Office Professional Plus 2010
NB016612E,Microsoft Office Professional Plus 2010
NB016665E,Microsoft Office Professional Plus 2010
NB017085,Microsoft Office Professional Plus 2010
NB017266,Microsoft Office Professional Plus 2010
NB017271,Microsoft Office Professional Plus 2010
NB017277,Microsoft Office Professional Plus 2010
NB017284,Microsoft Office Professional Plus 2010
NB017285,Microsoft Office Professional Plus 2010
NB017287,Microsoft Office Professional Plus 2010
NB017572,Microsoft Office Professional Plus 2010
NB017857,Microsoft Office Professional Plus 2010
NB017860E,Microsoft Office Professional Plus 2010
NB018050E,Microsoft Office Professional Plus 2010
NB018054,Microsoft Office Professional Plus 2010
NB018100E,Microsoft Office Professional Plus 2010
NB018122E,Microsoft Office Professional Plus 2010
NB018138E,Microsoft Office Professional Plus 2010
NB018143E,Microsoft Office Professional Plus 2010
NB018191E,Microsoft Office Professional Plus 2010
NB018192E,Microsoft Office Professional Plus 2010
NB018373,Microsoft Office Professional Plus 2010
NB018374,Microsoft Office Professional Plus 2010
NB019800,Microsoft Office Professional Plus 2010
NB020067,Microsoft Office Professional Plus 2010
NB020118,Microsoft Office Professional Plus 2010
NB020121,Microsoft Office Professional Plus 2010
NB020151,Microsoft Office Professional Plus 2010
NB020184,Microsoft Office Professional Plus 2010
NB021485,Microsoft Office Professional Plus 2010
NB022020,Microsoft Office Professional Plus 2010
NB022024,Microsoft Office Professional Plus 2010
NB022028,Microsoft Office Professional Plus 2010
NB022090,Microsoft Office Professional Plus 2010
NB022093,Microsoft Office Professional Plus 2010
NB022094,Microsoft Office Professional Plus 2010
NB022106,Microsoft Office Professional Plus 2010
NB022226,Microsoft Office Professional Plus 2010
NB022229,Microsoft Office Professional Plus 2010
NB022248,Microsoft Office Professional Plus 2010
NB023606,Microsoft Office Professional Plus 2010
NB023611,Microsoft Office Professional Plus 2010
NB023614,Microsoft Office Professional Plus 2010
NB023650,Microsoft Office Professional Plus 2010
NB023668,Microsoft Office Professional Plus 2010
NB023678,Microsoft Office Professional Plus 2010
NB023684,Microsoft Office Professional Plus 2010
NB023720,Microsoft Office Professional Plus 2010
NB023766,Microsoft Office Professional Plus 2010
NB023784,Microsoft Office Professional Plus 2010
NB023785,Microsoft Office Professional Plus 2010
NB023792,Microsoft Office Professional Plus 2010
NB22034,Microsoft Office Professional Plus 2010
NT020171,Microsoft Office Professional Plus 2010
SPSERVER126,VMware Virtual Platform
CITRIXPROD112,VMware Virtual Platform
CITRIXPRODRM04,VMware Virtual Platform
CITRIXPRODRM05,VMware Virtual Platform
CITRIXPRODRM06,VMware Virtual Platform
CITRIXPRODRM07,VMware Virtual Platform
CITRIXPRODRM11,VMware Virtual Platform
CITRIXPRODRM13,VMware Virtual Platform
CITRIXPRODRM14,VMware Virtual Platform
CITRIXPRODRM17,VMware Virtual Platform
CITRIXPRODRM18,VMware Virtual Platform
CITRIXPRODRM20,VMware Virtual Platform
DT020993,Microsoft Office Professional Plus 2013
DT022165,Microsoft Office Professional Plus 2013
NB016623E,Microsoft Office Professional Plus 2013
NB016673,Microsoft Office Professional Plus 2013
NB017857,Microsoft Office Professional Plus 2013
NB017864,Microsoft Office Professional Plus 2013
NB022075,Microsoft Office Professional Plus 2013
NB023759,Microsoft Office Professional Plus 2013
NB023782,Microsoft Office Professional Plus 2013
NB023785,Microsoft Office Professional Plus 2013
DT00192,Microsoft Office Project Professional 2010
DT006997,Microsoft Office Project Professional 2010
DT009461,Microsoft Office Project Professional 2010
DT012488,Microsoft Office Project Professional 2010
DT013154,Microsoft Office Project Professional 2010
DT015827,Microsoft Office Project Professional 2010
DT017712E,Microsoft Office Project Professional 2010
DT021001,Microsoft Office Project Professional 2010
DT022159,Microsoft Office Project Professional 2010
DT022262,Microsoft Office Project Professional 2010
DT022271,Microsoft Office Project Professional 2010
NB0020074,Microsoft Office Project Professional 2010
NB0020120,Microsoft Office Project Professional 2010
NB011442,Microsoft Office Project Professional 2010
NB014513,Microsoft Office Project Professional 2010
NB015980,Microsoft Office Project Professional 2010
NB016566,Microsoft Office Project Professional 2010
NB016575,Microsoft Office Project Professional 2010
NB016624,Microsoft Office Project Professional 2010
NB016635,Microsoft Office Project Professional 2010
NB016642E,Microsoft Office Project Professional 2010
NB016647EX,Microsoft Office Project Professional 2010
NB016673,Microsoft Office Project Professional 2010
NB017277,Microsoft Office Project Professional 2010
NB017287,Microsoft Office Project Professional 2010
NB017855,Microsoft Office Project Professional 2010
NB017857,Microsoft Office Project Professional 2010
NB017864,Microsoft Office Project Professional 2010
NB018100E,Microsoft Office Project Professional 2010
NB018106E,Microsoft Office Project Professional 2010
NB018115E,Microsoft Office Project Professional 2010
NB018124E,Microsoft Office Project Professional 2010
NB018134E,Microsoft Office Project Professional 2010
NB018141E,Microsoft Office Project Professional 2010
NB018143E,Microsoft Office Project Professional 2010
NB018144E,Microsoft Office Project Professional 2010
NB018192E,Microsoft Office Project Professional 2010
NB018360,Microsoft Office Project Professional 2010
NB018374,Microsoft Office Project Professional 2010
NB018382,Microsoft Office Project Professional 2010
NB020118,Microsoft Office Project Professional 2010
NB020151,Microsoft Office Project Professional 2010
NB020184,Microsoft Office Project Professional 2010
NB022075,Microsoft Office Project Professional 2010
NB022090,Microsoft Office Project Professional 2010
NB022094,Microsoft Office Project Professional 2010
NB022106,Microsoft Office Project Professional 2010
NB022114,Microsoft Office Project Professional 2010
NB022120,Microsoft Office Project Professional 2010
NB022129,Microsoft Office Project Professional 2010
NB022177,Microsoft Office Project Professional 2010
NB022217,Microsoft Office Project Professional 2010
NB022226,Microsoft Office Project Professional 2010
NB023611,Microsoft Office Project Professional 2010
NB023650,Microsoft Office Project Professional 2010
NB023776,Microsoft Office Project Professional 2010
NB023809,Microsoft Office Project Professional 2010
NB16644E,Microsoft Office Project Professional 2010
NT020171,Microsoft Office Project Professional 2010
SPSERVER126,VMware Virtual Platform
CITRIXPRODRM04,VMware Virtual Platform
CITRIXPRODRM05,VMware Virtual Platform
CITRIXPRODRM06,VMware Virtual Platform
CITRIXPRODRM07,VMware Virtual Platform
CITRIXPRODRM11,VMware Virtual Platform
DT00192,Microsoft Office Standard 2010
DT006997,Microsoft Office Standard 2010
DT007010,Microsoft Office Standard 2010
DT009454,Microsoft Office Standard 2010
DT009461,Microsoft Office Standard 2010
DT009527,Microsoft Office Standard 2010
DT011405,Microsoft Office Standard 2010
DT011412,Microsoft Office Standard 2010
DT012047,Microsoft Office Standard 2010
DT012064,Microsoft Office Standard 2010
DT012090,Microsoft Office Standard 2010
DT012091,Microsoft Office Standard 2010
DT012096,Microsoft Office Standard 2010
DT012355,Microsoft Office Standard 2010
DT012358,Microsoft Office Standard 2010
DT0123830,Microsoft Office Standard 2010
DT012480,Microsoft Office Standard 2010
DT012492,Microsoft Office Standard 2010
DT013120,Microsoft Office Standard 2010
DT013143,Microsoft Office Standard 2010
DT013154,Microsoft Office Standard 2010
DT014409,Microsoft Office Standard 2010
DT014413,Microsoft Office Standard 2010
DT014415,Microsoft Office Standard 2010
DT014585,Microsoft Office Standard 2010
DT0152110,Microsoft Office Standard 2010
DT015827,Microsoft Office Standard 2010
DT015835,Microsoft Office Standard 2010
DT015845,Microsoft Office Standard 2010
DT016285,Microsoft Office Standard 2010
DT016308,Microsoft Office Standard 2010
DT016310,Microsoft Office Standard 2010
DT016311,Microsoft Office Standard 2010
DT016504E,Microsoft Office Standard 2010
DT016520E,Microsoft Office Standard 2010
DT017144,Microsoft Office Standard 2010
DT017152,Microsoft Office Standard 2010
DT017155,Microsoft Office Standard 2010
DT017156,Microsoft Office Standard 2010
DT017164,Microsoft Office Standard 2010
DT017669E,Microsoft Office Standard 2010
DT017678E,Microsoft Office Standard 2010
DT017681E,Microsoft Office Standard 2010
DT017686E,Microsoft Office Standard 2010
DT017712E,Microsoft Office Standard 2010
DT017724E,Microsoft Office Standard 2010
DT017770E,Microsoft Office Standard 2010
DT017775E,Microsoft Office Standard 2010
DT017795,Microsoft Office Standard 2010
DT017817E,Microsoft Office Standard 2010
DT018002E,Microsoft Office Standard 2010
DT018244,Microsoft Office Standard 2010
DT018245,Microsoft Office Standard 2010
DT018247,Microsoft Office Standard 2010
DT018249,Microsoft Office Standard 2010
DT018273,Microsoft Office Standard 2010
DT018276,Microsoft Office Standard 2010
DT018278,Microsoft Office Standard 2010
DT018279,Microsoft Office Standard 2010
DT018415,Microsoft Office Standard 2010
DT020998,Microsoft Office Standard 2010
DT021019,Microsoft Office Standard 2010
DT021023,Microsoft Office Standard 2010
DT021027,Microsoft Office Standard 2010
DT021036,Microsoft Office Standard 2010
DT021044,Microsoft Office Standard 2010
DT022131,Microsoft Office Standard 2010
DT022132,Microsoft Office Standard 2010
DT022133,Microsoft Office Standard 2010
DT022137,Microsoft Office Standard 2010
DT022152,Microsoft Office Standard 2010
DT022154,Microsoft Office Standard 2010
DT022163,Microsoft Office Standard 2010
DT022165,Microsoft Office Standard 2010
DT022271,Microsoft Office Standard 2010
DT022276,Microsoft Office Standard 2010
DT022283,Microsoft Office Standard 2010
DT0222890,Microsoft Office Standard 2010
DT025859,Microsoft Office Standard 2010
NB0020074,Microsoft Office Standard 2010
NB011435,Microsoft Office Standard 2010
NB011442,Microsoft Office Standard 2010
NB012111,Microsoft Office Standard 2010
NB015743,Microsoft Office Standard 2010
NB015753,Microsoft Office Standard 2010
NB015941,Microsoft Office Standard 2010
NB015942,Microsoft Office Standard 2010
NB015946,Microsoft Office Standard 2010
NB015954,Microsoft Office Standard 2010
NB015980,Microsoft Office Standard 2010
NB015984,Microsoft Office Standard 2010
NB016566,Microsoft Office Standard 2010
NB016578,Microsoft Office Standard 2010
NB016611E,Microsoft Office Standard 2010
NB016612E,Microsoft Office Standard 2010
NB016635,Microsoft Office Standard 2010
NB016642E,Microsoft Office Standard 2010
NB016647EX,Microsoft Office Standard 2010
NB016657E,Microsoft Office Standard 2010
NB016665E,Microsoft Office Standard 2010
NB016673,Microsoft Office Standard 2010
NB016678E,Microsoft Office Standard 2010
NB016695E,Microsoft Office Standard 2010
NB017081,Microsoft Office Standard 2010
NB017275,Microsoft Office Standard 2010
NB017276,Microsoft Office Standard 2010
NB017277,Microsoft Office Standard 2010
NB017285,Microsoft Office Standard 2010
NB017305,Microsoft Office Standard 2010
NB017855,Microsoft Office Standard 2010
NB017860E,Microsoft Office Standard 2010
NB018089,Microsoft Office Standard 2010
NB018103E,Microsoft Office Standard 2010
NB018106E,Microsoft Office Standard 2010
NB018107E,Microsoft Office Standard 2010
NB018109E,Microsoft Office Standard 2010
NB018111,Microsoft Office Standard 2010
NB018117E,Microsoft Office Standard 2010
NB018121E,Microsoft Office Standard 2010
NB018122E,Microsoft Office Standard 2010
NB018124E,Microsoft Office Standard 2010
NB018132E,Microsoft Office Standard 2010
NB018134E,Microsoft Office Standard 2010
NB018141E,Microsoft Office Standard 2010
NB018143E,Microsoft Office Standard 2010
NB018144E,Microsoft Office Standard 2010
NB018173E,Microsoft Office Standard 2010
NB018192E,Microsoft Office Standard 2010
NB018198E,Microsoft Office Standard 2010
NB018373,Microsoft Office Standard 2010
NB018382,Microsoft Office Standard 2010
NB018384,Microsoft Office Standard 2010
NB019777,Microsoft Office Standard 2010
NB019789,Microsoft Office Standard 2010
NB019798,Microsoft Office Standard 2010
NB020056,Microsoft Office Standard 2010
NB020082,Microsoft Office Standard 2010
NB020108,Microsoft Office Standard 2010
NB020135,Microsoft Office Standard 2010
NB020151,Microsoft Office Standard 2010
NB020163,Microsoft Office Standard 2010
NB022011,Microsoft Office Standard 2010
NB022018,Microsoft Office Standard 2010
NB022075,Microsoft Office Standard 2010
NB022087,Microsoft Office Standard 2010
NB022092,Microsoft Office Standard 2010
NB022103,Microsoft Office Standard 2010
NB022106,Microsoft Office Standard 2010
NB022107,Microsoft Office Standard 2010
NB022114,Microsoft Office Standard 2010
NB022124,Microsoft Office Standard 2010
NB022129,Microsoft Office Standard 2010
NB022189,Microsoft Office Standard 2010
NB022229,Microsoft Office Standard 2010
NB022248,Microsoft Office Standard 2010
NB023606,Microsoft Office Standard 2010
NB023617,Microsoft Office Standard 2010
NB023623,Microsoft Office Standard 2010
NB023626,Microsoft Office Standard 2010
NB023658,Microsoft Office Standard 2010
NB023678,Microsoft Office Standard 2010
NB023712,Microsoft Office Standard 2010
NB023759,Microsoft Office Standard 2010
NB023762,Microsoft Office Standard 2010
NB023764,Microsoft Office Standard 2010
NB023785,Microsoft Office Standard 2010
NB023786,Microsoft Office Standard 2010
NB023809,Microsoft Office Standard 2010
NB20085,Microsoft Office Standard 2010
NBRJ022478,Microsoft Office Standard 2010
NT018151E,Microsoft Office Standard 2010
NT020171,Microsoft Office Standard 2010
SPSERVER090,VMware Virtual Platform
SPSERVER126,VMware Virtual Platform
SPSERVER242,VMware Virtual Platform
SPSERVER248,VMware Virtual Platform
SRV2406,VMware Virtual Platform
SRV2834,VMware Virtual Platform
CITRIXPROD112,VMware Virtual Platform
DT00192,Microsoft Office Visio 2010
DT012094,Microsoft Office Visio 2010
DT012356,Microsoft Office Visio 2010
DT013132,Microsoft Office Visio 2010
DT013154,Microsoft Office Visio 2010
DT014409,Microsoft Office Visio 2010
DT014585,Microsoft Office Visio 2010
DT016520E,Microsoft Office Visio 2010
DT017144,Microsoft Office Visio 2010
DT017669E,Microsoft Office Visio 2010
DT017681E,Microsoft Office Visio 2010
DT017712E,Microsoft Office Visio 2010
DT017775E,Microsoft Office Visio 2010
DT018265,Microsoft Office Visio 2010
DT020993,Microsoft Office Visio 2010
DT021000,Microsoft Office Visio 2010
DT021044,Microsoft Office Visio 2010
DT022276,Microsoft Office Visio 2010
DT0222890,Microsoft Office Visio 2010
NB010892,Microsoft Office Visio 2010
NB015951,Microsoft Office Visio 2010
NB015980,Microsoft Office Visio 2010
NB016642E,Microsoft Office Visio 2010
NB016657E,Microsoft Office Visio 2010
NB016665E,Microsoft Office Visio 2010
NB016673,Microsoft Office Visio 2010
NB016695E,Microsoft Office Visio 2010
NB017275,Microsoft Office Visio 2010
NB018124E,Microsoft Office Visio 2010
NB018155E,Microsoft Office Visio 2010
NB018192E,Microsoft Office Visio 2010
NB020184,Microsoft Office Visio 2010
NB022075,Microsoft Office Visio 2010
NB022093,Microsoft Office Visio 2010
NB022094,Microsoft Office Visio 2010
NB022226,Microsoft Office Visio 2010
NB022248,Microsoft Office Visio 2010
NB023606,Microsoft Office Visio 2010
NB023650,Microsoft Office Visio 2010
NB023764,Microsoft Office Visio 2010
NB023786,Microsoft Office Visio 2010
NB22034,Microsoft Office Visio 2010
NBRJ022478,Microsoft Office Visio 2010
DT014434,Microsoft Office Visio Professional 2007
DT0152110,Microsoft Office Visio Professional 2007
DT016311,Microsoft Office Visio Professional 2007
DT018247,Microsoft Office Visio Professional 2007
DT018278,Microsoft Office Visio Professional 2007
DT020998,Microsoft Office Visio Professional 2007
DT020999,Microsoft Office Visio Professional 2007
DT021001,Microsoft Office Visio Professional 2007
DT022159,Microsoft Office Visio Professional 2007
DT022283,Microsoft Office Visio Professional 2007
NB0120060,Microsoft Office Visio Professional 2007
NB014527,Microsoft Office Visio Professional 2007
NB016230,Microsoft Office Visio Professional 2007
NB016611E,Microsoft Office Visio Professional 2007
NB016624,Microsoft Office Visio Professional 2007
NB016647EX,Microsoft Office Visio Professional 2007
NB017085,Microsoft Office Visio Professional 2007
NB017092,Microsoft Office Visio Professional 2007
NB017277,Microsoft Office Visio Professional 2007
NB017287,Microsoft Office Visio Professional 2007
NB017310,Microsoft Office Visio Professional 2007
NB017857,Microsoft Office Visio Professional 2007
NB017862,Microsoft Office Visio Professional 2007
NB017864,Microsoft Office Visio Professional 2007
NB018050E,Microsoft Office Visio Professional 2007
NB018083E,Microsoft Office Visio Professional 2007
NB018103E,Microsoft Office Visio Professional 2007
NB018106E,Microsoft Office Visio Professional 2007
NB018107E,Microsoft Office Visio Professional 2007
NB018115E,Microsoft Office Visio Professional 2007
NB018122E,Microsoft Office Visio Professional 2007
NB018156,Microsoft Office Visio Professional 2007
NB018374,Microsoft Office Visio Professional 2007
NB018382,Microsoft Office Visio Professional 2007
NB019765,Microsoft Office Visio Professional 2007
NB019789,Microsoft Office Visio Professional 2007
NB019798,Microsoft Office Visio Professional 2007
NB019800,Microsoft Office Visio Professional 2007
NB020151,Microsoft Office Visio Professional 2007
NB020163,Microsoft Office Visio Professional 2007
NB022018,Microsoft Office Visio Professional 2007
NB022024,Microsoft Office Visio Professional 2007
NB022114,Microsoft Office Visio Professional 2007
NB022120,Microsoft Office Visio Professional 2007
NB022177,Microsoft Office Visio Professional 2007
NB022217,Microsoft Office Visio Professional 2007
NB023603,Microsoft Office Visio Professional 2007
NB023611,Microsoft Office Visio Professional 2007
NB023614,Microsoft Office Visio Professional 2007
NB023678,Microsoft Office Visio Professional 2007
NB023776,Microsoft Office Visio Professional 2007
NB20085,Microsoft Office Visio Professional 2007
NB22186,Microsoft Office Visio Professional 2007
DT012398,Microsoft Visual Studio 2010 Professional - ENU
DT016296,Microsoft Visual Studio 2010 Professional - ENU
DT017687E,Microsoft Visual Studio 2010 Professional - ENU
DT017798,Microsoft Visual Studio 2010 Professional - ENU
DT018218,Microsoft Visual Studio 2010 Professional - ENU
DT018273,Microsoft Visual Studio 2010 Professional - ENU
DT018279,Microsoft Visual Studio 2010 Professional - ENU
NB016606,Microsoft Visual Studio 2010 Professional - ENU
NB016655,Microsoft Visual Studio 2010 Professional - ENU
NB017287,Microsoft Visual Studio 2010 Professional - ENU
NB018103E,Microsoft Visual Studio 2010 Professional - ENU
NB018115E,Microsoft Visual Studio 2010 Professional - ENU
NB018132E,Microsoft Visual Studio 2010 Professional - ENU
NB020082,Microsoft Visual Studio 2010 Professional - ENU
NB020151,Microsoft Visual Studio 2010 Professional - ENU
NB021485,Microsoft Visual Studio 2010 Professional - ENU
NB022024,Microsoft Visual Studio 2010 Professional - ENU
NB022226,Microsoft Visual Studio 2010 Professional - ENU
NB023603,Microsoft Visual Studio 2010 Professional - ENU
SPSERVER242,VMware Virtual Platform
DT017800,Microsoft Visual Studio Premium 2013 - ENU
DT018227,Microsoft Visual Studio Premium 2013 - ENU
DT017667E,Microsoft Visual Studio Professional 2012 - ENU
DT017687E,Microsoft Visual Studio Professional 2012 - ENU
DT018268,Microsoft Visual Studio Professional 2012 - ENU
DT018289,Microsoft Visual Studio Professional 2012 - ENU
NB016673,Microsoft Visual Studio Professional 2012 - ENU
NB016683E,Microsoft Visual Studio Professional 2012 - ENU
NB017866E,Microsoft Visual Studio Professional 2012 - ENU
NB018048E,Microsoft Visual Studio Professional 2012 - ENU
NB018110E,Microsoft Visual Studio Professional 2012 - ENU
NB018138E,Microsoft Visual Studio Professional 2012 - ENU
NB022188,Microsoft Visual Studio Professional 2012 - ENU
NB023759,Microsoft Visual Studio Professional 2012 - ENU
DT017800,Microsoft Visual Studio Professional 2013 - ENU
DT018227,Microsoft Visual Studio Professional 2013 - ENU
DT022137,Microsoft Visual Studio Professional 2013 - ENU
NB014543,Microsoft Visual Studio Professional 2013 - ENU
NB017359,Microsoft Visual Studio Professional 2013 - ENU
NB020082,Microsoft Visual Studio Professional 2013 - ENU
SRV2851,VMware Virtual Platform
DTDF021084,Microsoft Office Professional Plus 2010
DTDF021115,Microsoft Office Professional Plus 2010
DTDF021118,Microsoft Office Professional Plus 2010
DTDF021120,Microsoft Office Professional Plus 2010
DTDF021252,Microsoft Office Professional Plus 2010
DTDF021288,Microsoft Office Professional Plus 2010
DTDF021120,Microsoft Office Project Professional 2010
DFSRVCEF206,VMware Virtual Platform
DTDF021084,Microsoft Office Standard 2010
DTDF021118,Microsoft Office Standard 2010
DTDF021252,Microsoft Office Standard 2010
DTDF021288,Microsoft Office Standard 2010
DTDF021084,Microsoft Visual Studio 2010 Premium - ENU
DTDF021118,Microsoft Visual Studio 2010 Premium - ENU
DTDF021288,Microsoft Visual Studio 2010 Premium - ENU
DFSRVCEF206,VMware Virtual Platform
DTMA017412,Microsoft Office Professional Plus 2010
DTMA024128,Microsoft Office Professional Plus 2010
DTMA024193,Microsoft Office Professional Plus 2010
DTMA024222,Microsoft Office Professional Plus 2010
DTMA024358,Microsoft Office Professional Plus 2010
DTMA024476,Microsoft Office Professional Plus 2010
DTMA024984,Microsoft Office Professional Plus 2010
MALSERVER44,VMware Virtual Platform
NBKE019627,Microsoft Office Professional Plus 2010
NBKE022483,Microsoft Office Professional Plus 2010
NBMA016715,Microsoft Office Professional Plus 2010
NBMA016734E,Microsoft Office Professional Plus 2010
NBMA016748E,Microsoft Office Professional Plus 2010
NBMA018369,VMware Virtual Platform
NBMA019628,Microsoft Office Professional Plus 2010
NBMA020390,Microsoft Office Professional Plus 2010
NBMA024802,Microsoft Office Professional Plus 2010
NBMA024814,Microsoft Office Professional Plus 2010
NBMA024825,Microsoft Office Professional Plus 2010
PEA3440,Microsoft Office Professional Plus 2010
DTMA024360,Microsoft Office Professional Plus 2013
NBKE019627,Microsoft Office Project Professional 2010
NBMA020390,Microsoft Office Project Professional 2010
NBMA024795,Microsoft Office Project Professional 2010
NBMA024801,Microsoft Office Project Professional 2010
NBMA024802,Microsoft Office Project Professional 2010
NBMA024826,Microsoft Office Project Professional 2010
NBMAO16743E,Microsoft Office Project Professional 2010
DMTA023587,Microsoft Office Standard 2010
DMTA024201,Microsoft Office Standard 2010
DT008277,Microsoft Office Standard 2010
DTKE024100,Microsoft Office Standard 2010
DTKE024179,Microsoft Office Standard 2010
DTMA008270,Microsoft Office Standard 2010
DTMA017420,Microsoft Office Standard 2010
DTMA018018,Microsoft Office Standard 2010
DTMA018019,Microsoft Office Standard 2010
DTMA020387,Microsoft Office Standard 2010
DTMA023585,Microsoft Office Standard 2010
DTMA023963,Microsoft Office Standard 2010
DTMA024043,Microsoft Office Standard 2010
DTMA024120,Microsoft Office Standard 2010
DTMA024128,Microsoft Office Standard 2010
DTMA024133,Microsoft Office Standard 2010
DTMA024138,Microsoft Office Standard 2010
DTMA024147,Microsoft Office Standard 2010
DTMA024152,Microsoft Office Standard 2010
DTMA024177,Microsoft Office Standard 2010
DTMA024184,Microsoft Office Standard 2010
DTMA024187,Microsoft Office Standard 2010
DTMA024188,Microsoft Office Standard 2010
DTMA024210,Microsoft Office Standard 2010
DTMA024227,Microsoft Office Standard 2010
DTMA024243,Microsoft Office Standard 2010
DTMA024245,Microsoft Office Standard 2010
DTMA024263,Microsoft Office Standard 2010
DTMA024264,Microsoft Office Standard 2010
DTMA024283,Microsoft Office Standard 2010
DTMA024302,Microsoft Office Standard 2010
DTMA024330,Microsoft Office Standard 2010
DTMA024334,Microsoft Office Standard 2010
DTMA024346,Microsoft Office Standard 2010
DTMA024351,Microsoft Office Standard 2010
DTMA024353,Microsoft Office Standard 2010
DTMA024358,Microsoft Office Standard 2010
DTMA024494,Microsoft Office Standard 2010
DTMA024816,Microsoft Office Standard 2010
DTMA024984,Microsoft Office Standard 2010
DTMAPORTARIA01,Microsoft Office Standard 2010
DTMAPORTARIA02,Microsoft Office Standard 2010
DTMAW955,Microsoft Office Standard 2010
MALSERVER47,Microsoft Office Standard 2010
MALSERVER5,VMware Virtual Platform
NBKE019627,Microsoft Office Standard 2010
NBKE020395,Microsoft Office Standard 2010
NBKE022483,Microsoft Office Standard 2010
NBKE024820,Microsoft Office Standard 2010
NBMA016732,Microsoft Office Standard 2010
NBMA016733E,Microsoft Office Standard 2010
NBMA016741E,Microsoft Office Standard 2010
NBMA016746E,Microsoft Office Standard 2010
NBMA016749,Microsoft Office Standard 2010
NBMA016907,Microsoft Office Standard 2010
NBMA018348,Microsoft Office Standard 2010
NBMA019614,Microsoft Office Standard 2010
NBMA019615,Microsoft Office Standard 2010
NBMA020388,Microsoft Office Standard 2010
NBMA020391,Microsoft Office Standard 2010
NBMA020393,Microsoft Office Standard 2010
NBMA020396,Microsoft Office Standard 2010
NBMA022482,Microsoft Office Standard 2010
NBMA024795,Microsoft Office Standard 2010
NBMA024796,Microsoft Office Standard 2010
NBMA024800,Microsoft Office Standard 2010
NBMA024801,Microsoft Office Standard 2010
NBMA024802,Microsoft Office Standard 2010
NBMA024808,Microsoft Office Standard 2010
NBMA024810,Microsoft Office Standard 2010
NBMA024818,Microsoft Office Standard 2010
NBMA024826,Microsoft Office Standard 2010
NBMA024827,Microsoft Office Standard 2010
NBMADMENNA,Microsoft Office Standard 2010
NBMAO16743E,Microsoft Office Standard 2010
PEA3440,Microsoft Office Standard 2010
DTMA018018,Microsoft Office Visio 2010
NBKE019627,Microsoft Office Visio 2010
NBMA018369,VMware Virtual Platform
NBMA019628,Microsoft Office Visio 2010
NBMA024801,Microsoft Office Visio 2010
NBMA024826,Microsoft Office Visio 2010
NBMA024827,Microsoft Office Visio 2010
NBMA016715,Microsoft Office Visio Professional 2007
NBMA016733E,Microsoft Office Visio Professional 2007
NBMA020390,Microsoft Office Visio Professional 2007
NBMA024795,Microsoft Office Visio Professional 2007
NBMA024802,Microsoft Office Visio Professional 2007
NBMA024825,Microsoft Office Visio Professional 2007
DMTA024201,Microsoft Visual Studio 2010 Professional - ENU
DTMA023584,Microsoft Visual Studio 2010 Professional - ENU
DTMA023585,Microsoft Visual Studio 2010 Professional - ENU
DTMA023586,Microsoft Visual Studio 2010 Professional - ENU
DTMA023589,Microsoft Visual Studio 2010 Professional - ENU
DTMA023594,Microsoft Visual Studio 2010 Professional - ENU
DTMA023975,Microsoft Visual Studio 2010 Professional - ENU
DTMA023996,Microsoft Visual Studio 2010 Professional - ENU
DTMA024054,Microsoft Visual Studio 2010 Professional - ENU
DTMA024056,Microsoft Visual Studio 2010 Professional - ENU
DTMA024102,Microsoft Visual Studio 2010 Professional - ENU
DTMA024109,Microsoft Visual Studio 2010 Professional - ENU
DTMA024116,Microsoft Visual Studio 2010 Professional - ENU
DTMA024119,Microsoft Visual Studio 2010 Professional - ENU
DTMA024121,Microsoft Visual Studio 2010 Professional - ENU
DTMA024126,Microsoft Visual Studio 2010 Professional - ENU
DTMA024152,Microsoft Visual Studio 2010 Professional - ENU
DTMA024160,Microsoft Visual Studio 2010 Professional - ENU
DTMA024161,Microsoft Visual Studio 2010 Professional - ENU
DTMA024169,Microsoft Visual Studio 2010 Professional - ENU
DTMA024175,Microsoft Visual Studio 2010 Professional - ENU
DTMA024182,Microsoft Visual Studio 2010 Professional - ENU
DTMA024189,Microsoft Visual Studio 2010 Professional - ENU
DTMA024191,Microsoft Visual Studio 2010 Professional - ENU
DTMA024192,Microsoft Visual Studio 2010 Professional - ENU
DTMA024195,Microsoft Visual Studio 2010 Professional - ENU
DTMA024197,Microsoft Visual Studio 2010 Professional - ENU
DTMA024202,Microsoft Visual Studio 2010 Professional - ENU
DTMA024208,Microsoft Visual Studio 2010 Professional - ENU
DTMA024209,Microsoft Visual Studio 2010 Professional - ENU
DTMA024226,Microsoft Visual Studio 2010 Professional - ENU
DTMA024227,Microsoft Visual Studio 2010 Professional - ENU
DTMA024234,Microsoft Visual Studio 2010 Professional - ENU
DTMA024279,Microsoft Visual Studio 2010 Professional - ENU
DTMA024282,Microsoft Visual Studio 2010 Professional - ENU
DTMA024283,Microsoft Visual Studio 2010 Professional - ENU
DTMA024291,Microsoft Visual Studio 2010 Professional - ENU
DTMA024307,Microsoft Visual Studio 2010 Professional - ENU
DTMA024309,Microsoft Visual Studio 2010 Professional - ENU
DTMA024310,Microsoft Visual Studio 2010 Professional - ENU
DTMA024320,Microsoft Visual Studio 2010 Professional - ENU
DTMA024331,Microsoft Visual Studio 2010 Professional - ENU
DTMA024334,Microsoft Visual Studio 2010 Professional - ENU
DTMA024341,Microsoft Visual Studio 2010 Professional - ENU
DTMA024347,Microsoft Visual Studio 2010 Professional - ENU
DTMA024352,Microsoft Visual Studio 2010 Professional - ENU
DTMA024354,Microsoft Visual Studio 2010 Professional - ENU
DTMA024355,Microsoft Visual Studio 2010 Professional - ENU
DTMA024359,Microsoft Visual Studio 2010 Professional - ENU
DTMA024494,Microsoft Visual Studio 2010 Professional - ENU
DTMA024979,Microsoft Visual Studio 2010 Professional - ENU
DTMAW932,Microsoft Visual Studio 2010 Professional - ENU
DTMAW955,Microsoft Visual Studio 2010 Professional - ENU
NBMA016732,Microsoft Visual Studio 2010 Professional - ENU
NBMA020391,Microsoft Visual Studio 2010 Professional - ENU
NBMA020393,Microsoft Visual Studio 2010 Professional - ENU
NBMA024826,Microsoft Visual Studio 2010 Professional - ENU
DTMA023578,Microsoft Visual Studio Professional 2012 - ENU
DTMA023585,Microsoft Visual Studio Professional 2012 - ENU
DTMA023586,Microsoft Visual Studio Professional 2012 - ENU
DTMA023968,Microsoft Visual Studio Professional 2012 - ENU
DTMA023974,Microsoft Visual Studio Professional 2012 - ENU
DTMA023975,Microsoft Visual Studio Professional 2012 - ENU
DTMA023994,Microsoft Visual Studio Professional 2012 - ENU
DTMA023996,Microsoft Visual Studio Professional 2012 - ENU
DTMA024054,Microsoft Visual Studio Professional 2012 - ENU
DTMA024056,Microsoft Visual Studio Professional 2012 - ENU
DTMA024089,Microsoft Visual Studio Professional 2012 - ENU
DTMA024103,Microsoft Visual Studio Professional 2012 - ENU
DTMA024117,Microsoft Visual Studio Professional 2012 - ENU
DTMA024118,Microsoft Visual Studio Professional 2012 - ENU
DTMA024119,Microsoft Visual Studio Professional 2012 - ENU
DTMA024122,Microsoft Visual Studio Professional 2012 - ENU
DTMA024126,Microsoft Visual Studio Professional 2012 - ENU
DTMA024150,Microsoft Visual Studio Professional 2012 - ENU
DTMA024160,Microsoft Visual Studio Professional 2012 - ENU
DTMA024178,Microsoft Visual Studio Professional 2012 - ENU
DTMA024189,Microsoft Visual Studio Professional 2012 - ENU
DTMA024192,Microsoft Visual Studio Professional 2012 - ENU
DTMA024195,Microsoft Visual Studio Professional 2012 - ENU
DTMA024197,Microsoft Visual Studio Professional 2012 - ENU
DTMA024206,Microsoft Visual Studio Professional 2012 - ENU
DTMA024209,Microsoft Visual Studio Professional 2012 - ENU
DTMA024228,Microsoft Visual Studio Professional 2012 - ENU
DTMA024244,Microsoft Visual Studio Professional 2012 - ENU
DTMA024258,Microsoft Visual Studio Professional 2012 - ENU
DTMA024263,Microsoft Visual Studio Professional 2012 - ENU
DTMA024275,Microsoft Visual Studio Professional 2012 - ENU
DTMA024279,Microsoft Visual Studio Professional 2012 - ENU
DTMA024307,Microsoft Visual Studio Professional 2012 - ENU
DTMA024310,Microsoft Visual Studio Professional 2012 - ENU
DTMA024320,Microsoft Visual Studio Professional 2012 - ENU
DTMA024335,Microsoft Visual Studio Professional 2012 - ENU
DTMA024354,Microsoft Visual Studio Professional 2012 - ENU
DTMA024483,Microsoft Visual Studio Professional 2012 - ENU
DTMA024979,Microsoft Visual Studio Professional 2012 - ENU
DTMA24129,Microsoft Visual Studio Professional 2012 - ENU
DTMAW932,Microsoft Visual Studio Professional 2012 - ENU
DTMAW955,Microsoft Visual Studio Professional 2012 - ENU
NBMA021479,Microsoft Visual Studio Professional 2012 - ENU
VMGVT01,VMware Virtual Platform
VMSANEPAR02,VMware Virtual Platform
VMSANEPAR03,VMware Virtual Platform
VMSANEPAR04,VMware Virtual Platform
NB015988,Microsoft Office Visio 2010
BRQ022268,Microsoft Office Professional Plus 2010
BRQDT017706E,Microsoft Office Professional Plus 2010
BRQNB018200E,Microsoft Office Professional Plus 2010
DT011304,Microsoft Office Professional Plus 2010
DT017671E,Microsoft Office Professional Plus 2010
DT017677E,Microsoft Office Professional Plus 2010
DT017682E,Microsoft Office Professional Plus 2010
DT017683,Microsoft Office Professional Plus 2010
DT017697E,Microsoft Office Professional Plus 2010
DT017705E,Microsoft Office Professional Plus 2010
DT018030E,Microsoft Office Professional Plus 2010
DT018031E,Microsoft Office Professional Plus 2010
DT021038,Microsoft Office Professional Plus 2010
DT021039,Microsoft Office Professional Plus 2010
DT021040,Microsoft Office Professional Plus 2010
DT022253,Microsoft Office Professional Plus 2010
DT022254,Microsoft Office Professional Plus 2010
DT022279,Microsoft Office Professional Plus 2010
DT022282,Microsoft Office Professional Plus 2010
DT022295,Microsoft Office Professional Plus 2010
DT022299,Microsoft Office Professional Plus 2010
DTPP017679E,Microsoft Office Professional Plus 2010
NB015953,Microsoft Office Professional Plus 2010
NB015965,Microsoft Office Professional Plus 2010
NB016586,Microsoft Office Professional Plus 2010
NB018052E,Microsoft Office Professional Plus 2010
NB018116,Microsoft Office Professional Plus 2010
NB018163E,Microsoft Office Professional Plus 2010
NB018172E,Microsoft Office Professional Plus 2010
NB022017,Microsoft Office Professional Plus 2010
NB022238AA,Microsoft Office Professional Plus 2010
NB022244,Microsoft Office Professional Plus 2010
NB023654,Microsoft Office Professional Plus 2010
NB023656,Microsoft Office Professional Plus 2010
NB023665,Microsoft Office Professional Plus 2010
NB023675,Microsoft Office Professional Plus 2010
NB023682,Microsoft Office Professional Plus 2010
PPSERVER15,VMware Virtual Platform
PPSERVER19,VMware Virtual Platform
DT011304,Microsoft Office Project Professional 2010
DT017708E,Microsoft Office Project Professional 2010
DT018034E,Microsoft Office Project Professional 2010
NB010824,Microsoft Office Project Professional 2010
NB018052E,Microsoft Office Project Professional 2010
NB018163E,Microsoft Office Project Professional 2010
NB023654,Microsoft Office Project Professional 2010
NB023656,Microsoft Office Project Professional 2010
NB023664,Microsoft Office Project Professional 2010
NB023682,Microsoft Office Project Professional 2010
PPSERVER19,VMware Virtual Platform
DT022260,Microsoft Office Standard 2010
DT022264,Microsoft Office Standard 2010
DT022290,Microsoft Office Standard 2010
NB015953,Microsoft Office Standard 2010
NB015965,Microsoft Office Standard 2010
NB018163E,Microsoft Office Standard 2010
NB023800,Microsoft Office Standard 2010
DT017708E,Microsoft Office Visio 2010
NB018017,Microsoft Office Visio 2010
NB018052E,Microsoft Office Visio 2010
NB023654,Microsoft Office Visio 2010
NB023656,Microsoft Office Visio 2010
NB016574,Microsoft Office Professional Plus 2010
NB024806,Microsoft Office Professional Plus 2010
NB016574,Microsoft Office Standard 2010
NB024515,Microsoft Office Standard 2010
NB024856,Microsoft Office Standard 2010
DTRJ017812E,Microsoft Office Project Professional 2007
NB014554,Microsoft Office Project Professional 2007
NB16959,Microsoft Office Project Professional 2007
NBRJ018061,Microsoft Office Project Professional 2007
NBRJ019633,Microsoft Office Project Professional 2007
NBRJ022479,Microsoft Office Project Professional 2007
NBRJ024837,Microsoft Office Project Professional 2007
DT006104,Microsoft Office Professional Plus 2010
DT022569311,Microsoft Office Professional Plus 2010
DTRJ008128,Microsoft Office Professional Plus 2010
DTRJ008152,Microsoft Office Professional Plus 2010
DTRJ008154,Microsoft Office Professional Plus 2010
DTRJ013368,Microsoft Office Professional Plus 2010
DTRJ013725,Microsoft Office Professional Plus 2010
DTRJ013733,Microsoft Office Professional Plus 2010
DTRJ015856,Microsoft Office Professional Plus 2010
DTRJ015866,Microsoft Office Professional Plus 2010
DTRJ015882,Microsoft Office Professional Plus 2010
DTRJ016759,Microsoft Office Professional Plus 2010
DTRJ017802E,Microsoft Office Professional Plus 2010
DTRJ017809E,Microsoft Office Professional Plus 2010
DTRJ020752,Microsoft Office Professional Plus 2010
DTRJ020756,Microsoft Office Professional Plus 2010
NB014554,Microsoft Office Professional Plus 2010
NB016364,Microsoft Office Professional Plus 2010
NB016946,Microsoft Office Professional Plus 2010
NB016948,Microsoft Office Professional Plus 2010
NB016949,Microsoft Office Professional Plus 2010
NB016954,Microsoft Office Professional Plus 2010
NB017063,Microsoft Office Professional Plus 2010
NB017064,Microsoft Office Professional Plus 2010
NB017870,Microsoft Office Professional Plus 2010
NB017872,Microsoft Office Professional Plus 2010
NB017873,Microsoft Office Professional Plus 2010
NB018055,Microsoft Office Professional Plus 2010
NB018056,Microsoft Office Professional Plus 2010
NB018071,Microsoft Office Professional Plus 2010
NB018085,Microsoft Office Professional Plus 2010
NB022480,Microsoft Office Professional Plus 2010
NB16959,Microsoft Office Professional Plus 2010
NBRJ013489,Microsoft Office Professional Plus 2010
NBRJ016263,Microsoft Office Professional Plus 2010
NBRJ016352,Microsoft Office Professional Plus 2010
NBRJ016355,Microsoft Office Professional Plus 2010
NBRJ016356,Microsoft Office Professional Plus 2010
NBRJ016357,Microsoft Office Professional Plus 2010
NBRJ016368,Microsoft Office Professional Plus 2010
NBRJ016370,Microsoft Office Professional Plus 2010
NBRJ016714E,Microsoft Office Professional Plus 2010
NBRJ016914,Microsoft Office Professional Plus 2010
NBRJ016940,Microsoft Office Professional Plus 2010
NBRJ016942,Microsoft Office Professional Plus 2010
NBRJ016960,Microsoft Office Professional Plus 2010
NBRJ016961,Microsoft Office Professional Plus 2010
NBRJ017658E,Microsoft Office Professional Plus 2010
NBRJ017660,Microsoft Office Professional Plus 2010
NBRJ017663E,Microsoft Office Professional Plus 2010
NBRJ017665E,Microsoft Office Professional Plus 2010
NBRJ017666E,Microsoft Office Professional Plus 2010
NBRJ017875,Microsoft Office Professional Plus 2010
NBRJ018061,Microsoft Office Professional Plus 2010
NBRJ018077,Microsoft Office Professional Plus 2010
NBRJ018083,Microsoft Office Professional Plus 2010
NBRJ018376,Microsoft Office Professional Plus 2010
NBRJ019574,Microsoft Office Professional Plus 2010
NBRJ019629,Microsoft Office Professional Plus 2010
NBRJ019633,Microsoft Office Professional Plus 2010
NBRJ019637,Microsoft Office Professional Plus 2010
NBRJ019638,Microsoft Office Professional Plus 2010
NBRJ019649,Microsoft Office Professional Plus 2010
NBRJ019682J,Microsoft Office Professional Plus 2010
NBRJ019686,Microsoft Office Professional Plus 2010
NBRJ019691,Microsoft Office Professional Plus 2010
NBRJ022004,Microsoft Office Professional Plus 2010
NBRJ022479,Microsoft Office Professional Plus 2010
NBRJ022490,Microsoft Office Professional Plus 2010
NBRJ024756,Microsoft Office Professional Plus 2010
NBRJ024836,Microsoft Office Professional Plus 2010
NBRJ024837,Microsoft Office Professional Plus 2010
NBRJ024838,Microsoft Office Professional Plus 2010
DTRJ016365,Microsoft Office Project Standard 2010
DTRJ017802E,Microsoft Office Project Standard 2010
NB016364,Microsoft Office Project Standard 2010
NB017063,Microsoft Office Project Standard 2010
NB017873,Microsoft Office Project Standard 2010
NBRJ016357,Microsoft Office Project Standard 2010
NBRJ016370,Microsoft Office Project Standard 2010
NBRJ019580,Microsoft Office Project Standard 2010
NBRJ019686,Microsoft Office Project Standard 2010
NBRJ022477,Microsoft Office Project Standard 2010
NBRJ022490,Microsoft Office Project Standard 2010
DT008148,Microsoft Office Standard 2010
DT008157,Microsoft Office Standard 2010
DT008159,Microsoft Office Standard 2010
DT008160,Microsoft Office Standard 2010
DT016782,Microsoft Office Standard 2010
DT017414,Microsoft Office Standard 2010
DT022569311,Microsoft Office Standard 2010
DTRJ0021278,Microsoft Office Standard 2010
DTRJ008110,Microsoft Office Standard 2010
DTRJ008128,Microsoft Office Standard 2010
DTRJ008132,Microsoft Office Standard 2010
DTRJ008136,Microsoft Office Standard 2010
DTRJ008138,Microsoft Office Standard 2010
DTRJ008162,Microsoft Office Standard 2010
DTRJ008163,Microsoft Office Standard 2010
DTRJ012767,Microsoft Office Standard 2010
DTRJ012772,Microsoft Office Standard 2010
DTRJ013368,Microsoft Office Standard 2010
DTRJ013722,Microsoft Office Standard 2010
DTRJ013727,Microsoft Office Standard 2010
DTRJ013728,Microsoft Office Standard 2010
DTRJ013729,Microsoft Office Standard 2010
DTRJ013732,Microsoft Office Standard 2010
DTRJ013734,Microsoft Office Standard 2010
DTRJ013738,Microsoft Office Standard 2010
DTRJ013740,Microsoft Office Standard 2010
DTRJ015201,Microsoft Office Standard 2010
DTRJ015854,Microsoft Office Standard 2010
DTRJ015873,Microsoft Office Standard 2010
DTRJ015883,Microsoft Office Standard 2010
DTRJ015888,Microsoft Office Standard 2010
DTRJ016365,Microsoft Office Standard 2010
DTRJ016714,Microsoft Office Standard 2010
DTRJ016715,Microsoft Office Standard 2010
DTRJ016716,Microsoft Office Standard 2010
DTRJ016718,Microsoft Office Standard 2010
DTRJ016722,Microsoft Office Standard 2010
DTRJ016724,Microsoft Office Standard 2010
DTRJ016728,Microsoft Office Standard 2010
DTRJ016756,Microsoft Office Standard 2010
DTRJ016763,Microsoft Office Standard 2010
DTRJ016764,Microsoft Office Standard 2010
DTRJ016780,Microsoft Office Standard 2010
DTRJ017044,Microsoft Office Standard 2010
DTRJ017401,Microsoft Office Standard 2010
DTRJ017415,Microsoft Office Standard 2010
DTRJ017421,Microsoft Office Standard 2010
DTRJ017676,Microsoft Office Standard 2010
DTRJ017802,Microsoft Office Standard 2010
DTRJ017803,Microsoft Office Standard 2010
DTRJ017804,Microsoft Office Standard 2010
DTRJ017807E,Microsoft Office Standard 2010
DTRJ017809E,Microsoft Office Standard 2010
DTRJ017810,Microsoft Office Standard 2010
DTRJ017810E,Microsoft Office Standard 2010
DTRJ017811E,Microsoft Office Standard 2010
DTRJ017818,Microsoft Office Standard 2010
DTRJ017819,Microsoft Office Standard 2010
DTRJ017821,Microsoft Office Standard 2010
DTRJ017822,Microsoft Office Standard 2010
DTRJ020751,Microsoft Office Standard 2010
DTRJ020759,Microsoft Office Standard 2010
DTRJ021082,Microsoft Office Standard 2010
DTRJ021257,Microsoft Office Standard 2010
DTRJ021259,Microsoft Office Standard 2010
DTRJ024400,Microsoft Office Standard 2010
DTRJ024440,Microsoft Office Standard 2010
DTRJ024451,Microsoft Office Standard 2010
DTRJ024479,Microsoft Office Standard 2010
DTRJ024497,Microsoft Office Standard 2010
DTRJ024498,Microsoft Office Standard 2010
DTRJ024499,Microsoft Office Standard 2010
DTRJ024500,Microsoft Office Standard 2010
DTRJ024841,Microsoft Office Standard 2010
DTRJ024844,Microsoft Office Standard 2010
DTRJ024845,Microsoft Office Standard 2010
DTRJ024847,Microsoft Office Standard 2010
DTRJ025856,Microsoft Office Standard 2010
DTRJ025857,Microsoft Office Standard 2010
DTRJ025880,Microsoft Office Standard 2010
DTRJ025882,Microsoft Office Standard 2010
DTRJ025889,Microsoft Office Standard 2010
DTRJ17813E,Microsoft Office Standard 2010
NB014554,Microsoft Office Standard 2010
NB016951,Microsoft Office Standard 2010
NB017873,Microsoft Office Standard 2010
NB018071,Microsoft Office Standard 2010
NB018085,Microsoft Office Standard 2010
NB023713,Microsoft Office Standard 2010
NB16959,Microsoft Office Standard 2010
NBRJ013489,Microsoft Office Standard 2010
NBRJ015760,Microsoft Office Standard 2010
NBRJ016262,Microsoft Office Standard 2010
NBRJ016264,Microsoft Office Standard 2010
NBRJ016267,Microsoft Office Standard 2010
NBRJ016356,Microsoft Office Standard 2010
NBRJ016370,Microsoft Office Standard 2010
NBRJ016726,Microsoft Office Standard 2010
NBRJ016868,Microsoft Office Standard 2010
NBRJ016911,Microsoft Office Standard 2010
NBRJ016937,Microsoft Office Standard 2010
NBRJ016958,Microsoft Office Standard 2010
NBRJ016961,Microsoft Office Standard 2010
NBRJ017052,Microsoft Office Standard 2010
NBRJ017056,Microsoft Office Standard 2010
NBRJ017062,Microsoft Office Standard 2010
NBRJ017660,Microsoft Office Standard 2010
NBRJ017861,Microsoft Office Standard 2010
NBRJ017866,Microsoft Office Standard 2010
NBRJ017871,Microsoft Office Standard 2010
NBRJ017875,Microsoft Office Standard 2010
NBRJ018070,Microsoft Office Standard 2010
NBRJ018073,Microsoft Office Standard 2010
NBRJ018078,Microsoft Office Standard 2010
NBRJ019568,Microsoft Office Standard 2010
NBRJ019580,Microsoft Office Standard 2010
NBRJ019629,Microsoft Office Standard 2010
NBRJ019633,Microsoft Office Standard 2010
NBRJ019683,Microsoft Office Standard 2010
NBRJ019687,Microsoft Office Standard 2010
NBRJ019689,Microsoft Office Standard 2010
NBRJ019691,Microsoft Office Standard 2010
NBRJ020116,Microsoft Office Standard 2010
NBRJ020768,Microsoft Office Standard 2010
NBRJ020770,Microsoft Office Standard 2010
NBRJ022475,Microsoft Office Standard 2010
NBRJ022477,Microsoft Office Standard 2010
NBRJ022479,Microsoft Office Standard 2010
NBRJ022485,Microsoft Office Standard 2010
NBRJ024757,Microsoft Office Standard 2010
NBRJ024831,Microsoft Office Standard 2010
NBRJ024838,Microsoft Office Standard 2010
NBRJ025849,Microsoft Office Standard 2010
NBRJ025850,Microsoft Office Standard 2010
NBRJ025898,Microsoft Office Standard 2010
NBRJ025904,Microsoft Office Standard 2010
NBRJ025905,Microsoft Office Standard 2010
DTRJ008128,Microsoft Office Visio 2010
DTRJ008136,Microsoft Office Visio 2010
DTRJ013734,Microsoft Office Visio 2010
DTRJ015871,Microsoft Office Visio 2010
DTRJ024400,Microsoft Office Visio 2010
NB017063,Microsoft Office Visio 2010
NB018071,Microsoft Office Visio 2010
NBRJ015760,Microsoft Office Visio 2010
NBRJ016356,Microsoft Office Visio 2010
NBRJ016357,Microsoft Office Visio 2010
NBRJ017861,Microsoft Office Visio 2010
NBRJ018070,Microsoft Office Visio 2010
NBRJ019629,Microsoft Office Visio 2010
NBRJ019633,Microsoft Office Visio 2010
NBRJ024838,Microsoft Office Visio 2010
DTRJ008128,Microsoft Office Project Professional 2010
DTRJ013734,Microsoft Office Project Professional 2010
DTRJ017044,Microsoft Office Project Professional 2010
DTRJ024400,Microsoft Office Project Professional 2010
DTRJ024845,Microsoft Office Project Professional 2010
DTRJ025889,Microsoft Office Project Professional 2010
NB016948,Microsoft Office Project Professional 2010
NB016951,Microsoft Office Project Professional 2010
NB018055,Microsoft Office Project Professional 2010
NB018071,Microsoft Office Project Professional 2010
NBRJ013489,Microsoft Office Project Professional 2010
NBRJ016263,Microsoft Office Project Professional 2010
NBRJ016352,Microsoft Office Project Professional 2010
NBRJ016356,Microsoft Office Project Professional 2010
NBRJ016961,Microsoft Office Project Professional 2010
NBRJ017660,Microsoft Office Project Professional 2010
NBRJ017666E,Microsoft Office Project Professional 2010
NBRJ017861,Microsoft Office Project Professional 2010
NBRJ018083,Microsoft Office Project Professional 2010
NBRJ018376,Microsoft Office Project Professional 2010
NBRJ019568,Microsoft Office Project Professional 2010
NBRJ019629,Microsoft Office Project Professional 2010
NBRJ019630,Microsoft Office Project Professional 2010
NBRJ019633,Microsoft Office Project Professional 2010
NBRJ019683,Microsoft Office Project Professional 2010
NBRJ019689,Microsoft Office Project Professional 2010
NBRJ020116,Microsoft Office Project Professional 2010
NBRJ020768,Microsoft Office Project Professional 2010
NBRJ024756,Microsoft Office Project Professional 2010
NBRJ024836,Microsoft Office Project Professional 2010
NBRJ024838,Microsoft Office Project Professional 2010
NBRJ025898,Microsoft Office Project Professional 2010
NBRJ025904,Microsoft Office Project Professional 2010
DTRJ024499,Microsoft Visio Professional 2013
NBRJ017882,Microsoft Visio Professional 2013
NBRJ018078,Microsoft Visio Professional 2013
NBRJ017663E,Microsoft Visual Studio 2010 Premium - ENU
DT016775,Microsoft Visual Studio 2010 Professional - ENU
DTRJ020753,Microsoft Visual Studio Premium 2012
NBRJ016714E,Microsoft Visual Studio Premium 2012
NBRJ017658E,Microsoft Visual Studio Premium 2012
NBRJ017663E,Microsoft Visual Studio Premium 2012
